T886C 000:064.236   SEGGER J-Link V8.12 Log File
T886C 000:064.334   DLL Compiled: Dec 18 2024 15:27:57
T886C 000:064.338   Logging started @ 2025-03-25 14:51
T886C 000:064.342   Process: C:\Program Files\SEGGER\JLink_V812\JLink.exe
T886C 000:064.349 - 64.345ms 
T886C 000:064.408 JLINK_ExecCommand("DEVICE_SelectLoader BankAddr=0x60000000 Loader=CLK@P305_nCS@P306_D0@P307_D1@P308_D2@P309_D3@P310", ...). 
T886C 000:064.455   Flash bank @ 0x60000000: Stored loader selection. Loader = CLK@P305_nCS@P306_D0@P307_D1@P308_D2@P309_D3@P310
T886C 000:064.465 - 0.047ms returns 0x00
T886C 000:064.519 JLINK_TIF_GetAvailable(...)
T886C 000:066.927 - 2.409ms 
T886C 000:067.036 JLINK_DEVICE_GetIndex(sDeviceName = R7FA6M4AF)
T886C 000:077.564 - 10.525ms returns 7166
T886C 000:077.584 JLINK_ExecCommand("device=R7FA6M4AF", ...). 
T886C 000:078.298   Flash bank @ 0x0100A100: SFL: Parsing sectorization info from ELF file
T886C 000:078.311     FlashDevice.SectorInfo[0]: .SectorSize = 0x00000010, .SectorStartAddr = 0x00000000
T886C 000:078.316   FlashBank @0x0100A100: Sectorization info from SFL ELF file ignored because sectorization override from DLL / XML file is active.
T886C 000:078.598   Flash bank @ 0x60000000: SFL: Parsing sectorization info from ELF file
T886C 000:078.607     FlashDevice.SectorInfo[0]: .SectorSize = 0x00010000, .SectorStartAddr = 0x00000000
T886C 000:080.983   Device "R7FA6M4AF" selected.
T886C 000:082.119 - 4.529ms returns 0x00
T886C 000:082.134 JLINK_EnableLog(...)
T886C 000:082.138 - 0.004ms 
T886C 000:082.236 JLINK_GetEmuCaps()
T886C 000:082.247 - 0.010ms returns 0xB8EA5A33
T886C 000:082.252 JLINK_TIF_GetAvailable(...)
T886C 000:082.893 - 0.640ms 
T886C 000:082.910 JLINK_TIF_Select(JLINKARM_TIF_SWD)
T886C 000:085.414 - 2.507ms returns 0x00
T886C 000:085.529 JLINK_IsConnected()
T886C 000:085.540 - 0.014ms returns FALSE
T886C 000:085.546 JLINK_SetSpeed(4000)
T886C 000:085.953 - 0.406ms 
T886C 000:085.969 JLINK_Connect()
T886C 000:086.840   ConfigTargetSettings() start
T886C 000:086.852    J-Link Script File: Executing ConfigTargetSettings()
T886C 000:087.047   Configuring FlashDLNoRMWThreshold=0x200 in order to make sure that option bytes programming is done via read-modify-write
T886C 000:087.141   ConfigTargetSettings() end - Took 213us
T886C 000:087.227   InitTarget() start
T886C 000:087.234    J-Link Script File: Executing InitTarget()
T886C 000:087.313   SWD selected. Executing JTAG -> SWD switching sequence.
T886C 000:092.305   DAP initialized successfully.
T886C 000:092.440   Determining TrustZone configuration...
T886C 000:095.709     Secure Debug: Enabled (SSD)
T886C 000:095.902   Determining currently configured transfer type by reading the AHB-AP CSW register.
T886C 000:098.450     --> Correct transfer type configured. Done.
T886C 000:098.533   InitTarget() end - Took 11.2ms
T886C 000:100.289   Found SW-DP with ID 0x6BA02477
T886C 000:106.057   DPIDR: 0x6BA02477
T886C 000:106.144   CoreSight SoC-400 or earlier
T886C 000:106.231   Scanning AP map to find all available APs
T886C 000:108.917   AP[2]: Stopped AP scan as end of AP map has been reached
T886C 000:109.012   AP[0]: AHB-AP (IDR: 0x84770001, ADDR: 0x00000000)
T886C 000:109.108   AP[1]: APB-AP (IDR: 0x54770002, ADDR: 0x01000000)
T886C 000:109.204   Iterating through AP map to find AHB-AP to use
T886C 000:111.448   AP[0]: Core found
T886C 000:111.539   AP[0]: AHB-AP ROM base: 0xE00FE000
T886C 000:112.767   CPUID register: 0x410FD214. Implementer code: 0x41 (ARM)
T886C 000:112.853   Feature set: Mainline
T886C 000:113.963   Cache: No cache
T886C 000:114.048   Found Cortex-M33 r0p4, Little endian.
T886C 000:115.380   -- Max. mem block: 0x00001960
T886C 000:125.921   CPU_ReadMem(4 bytes @ 0xE000EDF0)
T886C 000:127.149   CPU_WriteMem(4 bytes @ 0xE000EDF0)
T886C 000:128.066   CPU_ReadMem(4 bytes @ 0xE0002000)
T886C 000:129.205   FPUnit: 8 code (BP) slots and 0 literal slots
T886C 000:129.219   CPU_ReadMem(4 bytes @ 0xE000EDFC)
T886C 000:130.214   CPU_WriteMem(4 bytes @ 0xE000EDFC)
T886C 000:131.309   CPU_ReadMem(4 bytes @ 0xE0001000)
T886C 000:132.399   CPU_ReadMem(4 bytes @ 0xE0001000)
T886C 000:133.415   CPU_ReadMem(4 bytes @ 0xE0001028)
T886C 000:134.454   CPU_ReadMem(4 bytes @ 0xE0001038)
T886C 000:135.378   CPU_ReadMem(4 bytes @ 0xE0001048)
T886C 000:136.398   CPU_ReadMem(4 bytes @ 0xE0001058)
T886C 000:137.393   CPU_WriteMem(4 bytes @ 0xE0001000)
T886C 000:138.423   CPU_ReadMem(4 bytes @ 0xE000ED88)
T886C 000:139.453   CPU_WriteMem(4 bytes @ 0xE000ED88)
T886C 000:140.447   CPU_ReadMem(4 bytes @ 0xE000ED88)
T886C 000:141.387   CPU_WriteMem(4 bytes @ 0xE000ED88)
T886C 000:142.396   CPU_ReadMem(4 bytes @ 0xE000EFB8)
T886C 000:143.557   Security extension: implemented
T886C 000:143.719   Secure debug: enabled
T886C 000:143.817   CoreSight components:
T886C 000:143.913   ROMTbl[0] @ E00FE000
T886C 000:143.922   CPU_ReadMem(64 bytes @ 0xE00FE000)
T886C 000:145.672   CPU_ReadMem(32 bytes @ 0xE0044FE0)
T886C 000:146.994   CPU_ReadMem(4 bytes @ 0xE0044FBC)
T886C 000:147.946   CPU_ReadMem(4 bytes @ 0xE0044FCC)
T886C 000:149.084   [0][0]: E0044000 CID B105900D PID 005BB906 DEVARCH 00000000 DEVTYPE 14 CTI (?)
T886C 000:149.094   CPU_ReadMem(32 bytes @ 0xE0047FE0)
T886C 000:150.407   CPU_ReadMem(4 bytes @ 0xE0047FBC)
T886C 000:151.394   CPU_ReadMem(4 bytes @ 0xE0047FCC)
T886C 000:152.489   [0][1]: E0047000 CID B105900D PID 003BB908 DEVARCH 00000000 DEVTYPE 12 CSTF
T886C 000:152.498   CPU_ReadMem(32 bytes @ 0xE0048FE0)
T886C 000:153.744   CPU_ReadMem(4 bytes @ 0xE0048FBC)
T886C 000:154.753   CPU_ReadMem(4 bytes @ 0xE0048FCC)
T886C 000:155.883   [0][2]: E0048000 CID B105900D PID 001BB961 DEVARCH 00000000 DEVTYPE 21 TMC
T886C 000:155.892   CPU_ReadMem(32 bytes @ 0xE0049FE0)
T886C 000:157.268   [0][3]: E0049000 CID B105F00D PID 001BB101 TSG
T886C 000:157.281   CPU_ReadMem(32 bytes @ 0xE0040FE0)
T886C 000:158.572   CPU_ReadMem(4 bytes @ 0xE0040FBC)
T886C 000:159.511   CPU_ReadMem(4 bytes @ 0xE0040FCC)
T886C 000:160.667   [0][4]: E0040000 CID B105900D PID 000BBD21 DEVARCH 00000000 DEVTYPE 11 TPIU
T886C 000:160.681   CPU_ReadMem(32 bytes @ 0xE00FFFE0)
T886C 000:162.047   [0][5]: E00FF000 CID B105100D PID 000BB4C9 ROM Table
T886C 000:162.284   ROMTbl[1] @ E00FF000
T886C 000:162.298   CPU_ReadMem(64 bytes @ 0xE00FF000)
T886C 000:163.963   CPU_ReadMem(32 bytes @ 0xE000EFE0)
T886C 000:165.197   CPU_ReadMem(4 bytes @ 0xE000EFBC)
T886C 000:166.123   CPU_ReadMem(4 bytes @ 0xE000EFCC)
T886C 000:167.339   [1][0]: E000E000 CID B105900D PID 000BBD21 DEVARCH 47702A04 DEVTYPE 00 Cortex-M33
T886C 000:167.353   CPU_ReadMem(32 bytes @ 0xE0001FE0)
T886C 000:168.580   CPU_ReadMem(4 bytes @ 0xE0001FBC)
T886C 000:169.448   CPU_ReadMem(4 bytes @ 0xE0001FCC)
T886C 000:170.614   [1][1]: E0001000 CID B105900D PID 000BBD21 DEVARCH 47701A02 DEVTYPE 00 DWT
T886C 000:170.628   CPU_ReadMem(32 bytes @ 0xE0002FE0)
T886C 000:171.871   CPU_ReadMem(4 bytes @ 0xE0002FBC)
T886C 000:172.962   CPU_ReadMem(4 bytes @ 0xE0002FCC)
T886C 000:174.009   [1][2]: E0002000 CID B105900D PID 000BBD21 DEVARCH 47701A03 DEVTYPE 00 FPB
T886C 000:174.023   CPU_ReadMem(32 bytes @ 0xE0000FE0)
T886C 000:175.327   CPU_ReadMem(4 bytes @ 0xE0000FBC)
T886C 000:176.264   CPU_ReadMem(4 bytes @ 0xE0000FCC)
T886C 000:177.219   [1][3]: E0000000 CID B105900D PID 000BBD21 DEVARCH 47701A01 DEVTYPE 43 ITM
T886C 000:177.232   CPU_ReadMem(32 bytes @ 0xE0041FE0)
T886C 000:178.524   CPU_ReadMem(4 bytes @ 0xE0041FBC)
T886C 000:179.456   CPU_ReadMem(4 bytes @ 0xE0041FCC)
T886C 000:180.541   [1][5]: E0041000 CID B105900D PID 002BBD21 DEVARCH 47724A13 DEVTYPE 13 ETM
T886C 000:180.552   CPU_ReadMem(32 bytes @ 0xE0042FE0)
T886C 000:181.907   CPU_ReadMem(4 bytes @ 0xE0042FBC)
T886C 000:182.936   CPU_ReadMem(4 bytes @ 0xE0042FCC)
T886C 000:184.099   [1][6]: E0042000 CID B105900D PID 000BBD21 DEVARCH 47701A14 DEVTYPE 14 CSS600-CTI
T886C 000:184.136 - 98.170ms returns 0x00
T886C 000:184.150 JLINK_GetIdData(pIdData)
T886C 000:184.987   pIdData->ScanLen=4
T886C 000:185.018   pIdData->NumDevices=1
T886C 000:185.024   pIdData->aId[0]=0x6BA02477
T886C 000:185.029   pIdData->aIrRead[0]=0
T886C 000:185.040   pIdData->aScanLen[0]=0
T886C 000:185.046   pIdData->aScanRead[0]=0
T886C 000:185.052 - 0.901ms 
T886C 000:185.063 JLINK_GetMemZones(...)
T886C 000:185.068 - 0.004ms returns 1
T886C 000:185.161 JLINK_HasError()
T886C 000:185.169 JLINK_CORE_GetFound()
T886C 000:185.173 - 0.003ms returns 0xE0200FF
T886C 000:185.279 JLINK_ExecCommand("EnableEraseAllFlashBanks", ...). 
T886C 000:185.290 - 0.002ms returns 0x00
T886C 000:185.363 JLINK_DEVICE_GetIndex(sDeviceName = <NULL>)
T886C 000:185.369 - 0.006ms returns 7166
T886C 000:185.439 JLINK_Reset()
T886C 000:185.538   ResetTarget() start
T886C 000:185.546    J-Link Script File: Executing ResetTarget()
T886C 000:185.557   CPU_ReadMem(4 bytes @ 0xE000ED44)
T886C 000:186.451   CPU_ReadMem(4 bytes @ 0xE000EE08)
T886C 000:187.406   CPU is running
T886C 000:187.471   CPU_WriteMem(4 bytes @ 0xE000EE08)
T886C 000:188.440   CPU_ReadMem(4 bytes @ 0xE000EE08)
T886C 000:189.557   Reset: ARMv8M core with Security Extension enabled detected. Switch to secure domain.
T886C 000:189.652   Reset: Halt core after reset via DEMCR.VC_CORERESET.
T886C 000:189.661   CPU is running
T886C 000:189.668   CPU_WriteMem(4 bytes @ 0xE000EDF0)
T886C 000:190.646   CPU is running
T886C 000:190.703   CPU_WriteMem(4 bytes @ 0xE000EDFC)
T886C 000:192.479   Reset: Reset device via AIRCR.SYSRESETREQ.
T886C 000:192.489   CPU is running
T886C 000:192.495   CPU_WriteMem(4 bytes @ 0xE000ED0C)
T886C 000:245.440   CPU_ReadMem(4 bytes @ 0xE000EDF0)
T886C 000:246.373   CPU_ReadMem(4 bytes @ 0xE000EDF0)
T886C 000:247.269   CPU is running
T886C 000:247.279   CPU_WriteMem(4 bytes @ 0xE000EDFC)
T886C 000:248.334   ResetTarget() end - Took 62.6ms
T886C 000:248.496   Device specific reset executed.
T886C 000:256.130   CPU_ReadMem(4 bytes @ 0xE000EE08)
T886C 000:257.125   CPU_WriteMem(4 bytes @ 0xE0002000)
T886C 000:258.053   CPU_ReadMem(4 bytes @ 0xE000EDFC)
T886C 000:258.970   CPU_ReadMem(4 bytes @ 0xE0001000)
T886C 000:259.874   CPU_ReadMem(4 bytes @ 0xE000EE08)
T886C 000:260.810 - 75.370ms 
T886C 000:260.848 JLINK_Halt()
T886C 000:260.853 - 0.005ms returns 0x00
T886C 000:260.962 JLINK_Erase()
T886C 000:261.605   CPU_ReadMem(4 bytes @ 0xE000ED90)
T886C 000:262.538   CPU_ReadMem(4 bytes @ 0xE000ED94)
T886C 000:263.457    -- --------------------------------------
T886C 000:263.475    -- Start of determining flash info (Bank @ 0x60000000)
T886C 000:263.486    -- Loader provides SEGGER_OPEN_GetFlashInfo(). Determining dynamic flash info (sectorization etc.) now
T886C 000:263.512    -- Preparing RAMCode
T886C 000:263.518    -- Calculating RAM usage
T886C 000:263.524    -- RAM usage = 12096 Bytes
T886C 000:263.530    -- Preserving CPU registers
T886C 000:264.403    -- Preparing memory
T886C 000:264.414    -- Preparing target
T886C 000:264.420    -- Preserving target RAM temporarily used for programming
T886C 000:409.105    -- Downloading RAMCode
T886C 000:607.058    -- Initializing RAMCode (InitType: 3 = Verify)
T886C 000:607.081   CPU_ReadMem(1 bytes @ 0x40080D03)
T886C 000:608.532   CPU_WriteMem(1 bytes @ 0x40080D03)
T886C 000:608.546   CPU_WriteMem(1 bytes @ 0x40080D03)
T886C 000:608.554   CPU_ReadMem(4 bytes @ 0x400808D4)
T886C 000:610.374   CPU_WriteMem(4 bytes @ 0x400808D4)
T886C 000:610.389   CPU_ReadMem(4 bytes @ 0x400808D8)
T886C 000:611.779   CPU_WriteMem(4 bytes @ 0x400808D8)
T886C 000:611.794   CPU_ReadMem(4 bytes @ 0x400808DC)
T886C 000:613.147   CPU_WriteMem(4 bytes @ 0x400808DC)
T886C 000:613.162   CPU_ReadMem(4 bytes @ 0x400808E0)
T886C 000:614.476   CPU_WriteMem(4 bytes @ 0x400808E0)
T886C 000:614.490   CPU_ReadMem(4 bytes @ 0x400808E4)
T886C 000:615.832   CPU_WriteMem(4 bytes @ 0x400808E4)
T886C 000:615.848   CPU_ReadMem(4 bytes @ 0x400808E8)
T886C 000:617.159   CPU_WriteMem(4 bytes @ 0x400808E8)
T886C 000:617.171   CPU_WriteMem(1 bytes @ 0x40080D03)
T886C 000:617.178   CPU_WriteMem(1 bytes @ 0x40080D03)
T886C 000:617.186    -- Executing SEGGER_FL_Prepare(3)
T886C 000:645.709    -- Executing SEGGER_FL_Restore()
T886C 000:654.873   CPU_ReadMem(1 bytes @ 0x40080D03)
T886C 000:655.803   CPU_WriteMem(1 bytes @ 0x40080D03)
T886C 000:655.817   CPU_WriteMem(1 bytes @ 0x40080D03)
T886C 000:655.824   CPU_WriteMem(4 bytes @ 0x400808D4)
T886C 000:655.832   CPU_WriteMem(4 bytes @ 0x400808D8)
T886C 000:655.839   CPU_WriteMem(4 bytes @ 0x400808DC)
T886C 000:655.846   CPU_WriteMem(4 bytes @ 0x400808E0)
T886C 000:655.853   CPU_WriteMem(4 bytes @ 0x400808E4)
T886C 000:655.860   CPU_WriteMem(4 bytes @ 0x400808E8)
T886C 000:655.867   CPU_WriteMem(1 bytes @ 0x40080D03)
T886C 000:655.873   CPU_WriteMem(1 bytes @ 0x40080D03)
T886C 000:660.893    -- Restoring target memory
T886C 000:783.540    -- Restoring CPU registers
T886C 000:784.423    -- SEGGER_OPEN_GetFlashInfo(): Loader detected 1 sector ranges.
T886C 000:784.442    -- SEGGER_OPEN_GetFlashInfo(): Flash size changed from 0x04000000 to 0x02000000 according to new sector ranges.
T886C 000:784.454    -- End of determining flash info
T886C 000:784.464    -- Start of determining dirty areas
T886C 000:784.493    -- End of determining dirty areas
T886C 000:784.504    -- Start of preparing flash programming
T886C 000:784.514    -- Preparing RAMCode
T886C 000:784.525    -- Calculating RAM usage
T886C 000:784.535    -- RAM usage = 12096 Bytes
T886C 000:784.548    -- Preserving CPU registers
T886C 000:784.590    -- Preparing memory
T886C 000:784.602    -- Preparing target
T886C 000:784.611    -- Preserving target RAM temporarily used for programming
T886C 000:929.294    -- Downloading RAMCode
T886C 001:127.077    -- Initializing RAMCode (InitType: 3 = Verify)
T886C 001:127.103   CPU_ReadMem(1 bytes @ 0x40080D03)
T886C 001:128.419   CPU_WriteMem(1 bytes @ 0x40080D03)
T886C 001:128.430   CPU_WriteMem(1 bytes @ 0x40080D03)
T886C 001:128.439   CPU_ReadMem(4 bytes @ 0x400808D4)
T886C 001:130.238   CPU_WriteMem(4 bytes @ 0x400808D4)
T886C 001:130.251   CPU_ReadMem(4 bytes @ 0x400808D8)
T886C 001:131.616   CPU_WriteMem(4 bytes @ 0x400808D8)
T886C 001:131.634   CPU_ReadMem(4 bytes @ 0x400808DC)
T886C 001:132.963   CPU_WriteMem(4 bytes @ 0x400808DC)
T886C 001:132.975   CPU_ReadMem(4 bytes @ 0x400808E0)
T886C 001:134.346   CPU_WriteMem(4 bytes @ 0x400808E0)
T886C 001:134.359   CPU_ReadMem(4 bytes @ 0x400808E4)
T886C 001:135.663   CPU_WriteMem(4 bytes @ 0x400808E4)
T886C 001:135.686   CPU_ReadMem(4 bytes @ 0x400808E8)
T886C 001:137.007   CPU_WriteMem(4 bytes @ 0x400808E8)
T886C 001:137.019   CPU_WriteMem(1 bytes @ 0x40080D03)
T886C 001:137.026   CPU_WriteMem(1 bytes @ 0x40080D03)
T886C 001:137.033    -- Executing SEGGER_FL_Prepare(3)
T886C 001:160.697    -- End of preparing flash programming
T886C 001:167.011    -- CPU speed could not be measured.
T886C 001:167.035    -- Start of erasing sectors
T886C 001:167.042    -- Erasing range 0x60000000 - 0x6001FFFF (  2 Sectors, 128 KB)
T886C 001:750.062    -- Erasing range 0x60020000 - 0x6003FFFF (  2 Sectors, 128 KB)
T886C 002:301.404    -- Erasing range 0x60040000 - 0x6005FFFF (  2 Sectors, 128 KB)
T886C 002:859.894    -- Erasing range 0x60060000 - 0x6007FFFF (  2 Sectors, 128 KB)
T886C 003:408.614    -- End of erasing sectors
T886C 003:408.634    -- Start of restoring
T886C 003:408.642    -- Executing SEGGER_FL_Restore()
T886C 003:418.166   CPU_ReadMem(1 bytes @ 0x40080D03)
T886C 003:419.072   CPU_WriteMem(1 bytes @ 0x40080D03)
T886C 003:419.138   CPU_WriteMem(1 bytes @ 0x40080D03)
T886C 003:419.145   CPU_WriteMem(4 bytes @ 0x400808D4)
T886C 003:419.152   CPU_WriteMem(4 bytes @ 0x400808D8)
T886C 003:419.160   CPU_WriteMem(4 bytes @ 0x400808DC)
T886C 003:419.166   CPU_WriteMem(4 bytes @ 0x400808E0)
T886C 003:419.173   CPU_WriteMem(4 bytes @ 0x400808E4)
T886C 003:419.180   CPU_WriteMem(4 bytes @ 0x400808E8)
T886C 003:419.186   CPU_WriteMem(1 bytes @ 0x40080D03)
T886C 003:419.193   CPU_WriteMem(1 bytes @ 0x40080D03)
T886C 003:424.299    -- Restoring target memory
T886C 003:547.102    -- Restoring CPU registers
T886C 003:548.366    -- End of restoring
T886C 003:548.896    -- Total time needed: 2.763s (Prepare: 0.382s, Compare: 0.000s, Erase: 2.241s, Program: 0.000s, Verify: 0.000s, Restore: 0.139s)
T886C 003:760.282    -- 
Flash sectors within Range [0x60000000 - 0x6007FFFF] deleted.
T886C 003:761.064 - 3500.102ms returns 0
T886C 003:763.158 JLINK_IsOpen()
T886C 003:763.172 - 0.013ms returns 0x01
T886C 003:808.534 JLINK_Close()
T886C 003:809.676   CPU_ReadMem(4 bytes @ 0xE0001000)
T886C 003:848.704 - 40.169ms
T886C 003:848.730   
T886C 003:848.734   Closed
