T47CC 000:065.057   SEGGER J-Link V8.12 Log File
T47CC 000:065.178   DLL Compiled: Dec 18 2024 15:27:57
T47CC 000:065.193   Logging started @ 2025-03-28 19:50
T47CC 000:065.205   Process: C:\Program Files\SEGGER\JLink_V812\JLink.exe
T47CC 000:065.220 - 65.216ms 
T47CC 000:065.284 JLINK_ExecCommand("DEVICE_SelectLoader BankAddr=0x60000000 Loader=CLK@P305_nCS@P306_D0@P307_D1@P308_D2@P309_D3@P310", ...). 
T47CC 000:065.341   Flash bank @ 0x60000000: Stored loader selection. Loader = CLK@P305_nCS@P306_D0@P307_D1@P308_D2@P309_D3@P310
T47CC 000:065.368 - 0.061ms returns 0x00
T47CC 000:065.422 JLINK_TIF_GetAvailable(...)
T47CC 000:073.232 - 7.811ms 
T47CC 000:073.672 JLINK_DEVICE_GetIndex(sDeviceName = R7FA6M4AF)
T47CC 000:084.274 - 10.599ms returns 7166
T47CC 000:084.292 JLINK_ExecCommand("device=R7FA6M4AF", ...). 
T47CC 000:084.974   Flash bank @ 0x0100A100: SFL: Parsing sectorization info from ELF file
T47CC 000:084.983     FlashDevice.SectorInfo[0]: .SectorSize = 0x00000010, .SectorStartAddr = 0x00000000
T47CC 000:084.989   FlashBank @0x0100A100: Sectorization info from SFL ELF file ignored because sectorization override from DLL / XML file is active.
T47CC 000:085.250   Flash bank @ 0x60000000: SFL: Parsing sectorization info from ELF file
T47CC 000:085.258     FlashDevice.SectorInfo[0]: .SectorSize = 0x00010000, .SectorStartAddr = 0x00000000
T47CC 000:087.610   Device "R7FA6M4AF" selected.
T47CC 000:088.750 - 4.452ms returns 0x00
T47CC 000:088.773 JLINK_EnableLog(...)
T47CC 000:088.778 - 0.004ms 
T47CC 000:088.890 JLINK_GetEmuCaps()
T47CC 000:088.901 - 0.011ms returns 0xB8EA5A33
T47CC 000:088.907 JLINK_TIF_GetAvailable(...)
T47CC 000:089.569 - 0.662ms 
T47CC 000:089.589 JLINK_TIF_Select(JLINKARM_TIF_SWD)
T47CC 000:091.674 - 2.090ms returns 0x00
T47CC 000:091.759 JLINK_IsConnected()
T47CC 000:091.771 - 0.016ms returns FALSE
T47CC 000:091.778 JLINK_SetSpeed(4000)
T47CC 000:092.163 - 0.384ms 
T47CC 000:092.180 JLINK_Connect()
T47CC 000:092.923   ConfigTargetSettings() start
T47CC 000:092.935    J-Link Script File: Executing ConfigTargetSettings()
T47CC 000:093.133   Configuring FlashDLNoRMWThreshold=0x200 in order to make sure that option bytes programming is done via read-modify-write
T47CC 000:093.226   ConfigTargetSettings() end - Took 217us
T47CC 000:093.301   InitTarget() start
T47CC 000:093.308    J-Link Script File: Executing InitTarget()
T47CC 000:093.378   SWD selected. Executing JTAG -> SWD switching sequence.
T47CC 000:098.416   DAP initialized successfully.
T47CC 000:098.507   Determining TrustZone configuration...
T47CC 000:101.721     Secure Debug: Enabled (SSD)
T47CC 000:101.815   Determining currently configured transfer type by reading the AHB-AP CSW register.
T47CC 000:104.307     --> Correct transfer type configured. Done.
T47CC 000:104.390   InitTarget() end - Took 11.0ms
T47CC 000:106.021   Found SW-DP with ID 0x6BA02477
T47CC 000:111.287   DPIDR: 0x6BA02477
T47CC 000:111.373   CoreSight SoC-400 or earlier
T47CC 000:111.448   Scanning AP map to find all available APs
T47CC 000:114.025   AP[2]: Stopped AP scan as end of AP map has been reached
T47CC 000:114.106   AP[0]: AHB-AP (IDR: 0x84770001, ADDR: 0x00000000)
T47CC 000:114.182   AP[1]: APB-AP (IDR: 0x54770002, ADDR: 0x01000000)
T47CC 000:114.262   Iterating through AP map to find AHB-AP to use
T47CC 000:116.520   AP[0]: Core found
T47CC 000:116.611   AP[0]: AHB-AP ROM base: 0xE00FE000
T47CC 000:117.772   CPUID register: 0x410FD214. Implementer code: 0x41 (ARM)
T47CC 000:117.853   Feature set: Mainline
T47CC 000:119.041   Cache: No cache
T47CC 000:119.130   Found Cortex-M33 r0p4, Little endian.
T47CC 000:120.180   -- Max. mem block: 0x00001960
T47CC 000:122.182   CPU_ReadMem(4 bytes @ 0xE000EDF0)
T47CC 000:123.264   CPU_WriteMem(4 bytes @ 0xE000EDF0)
T47CC 000:124.138   CPU_ReadMem(4 bytes @ 0xE0002000)
T47CC 000:125.016   FPUnit: 8 code (BP) slots and 0 literal slots
T47CC 000:125.027   CPU_ReadMem(4 bytes @ 0xE000EDFC)
T47CC 000:125.828   CPU_WriteMem(4 bytes @ 0xE000EDFC)
T47CC 000:126.677   CPU_ReadMem(4 bytes @ 0xE0001000)
T47CC 000:127.603   CPU_ReadMem(4 bytes @ 0xE0001000)
T47CC 000:128.541   CPU_ReadMem(4 bytes @ 0xE0001028)
T47CC 000:129.586   CPU_ReadMem(4 bytes @ 0xE0001038)
T47CC 000:130.454   CPU_ReadMem(4 bytes @ 0xE0001048)
T47CC 000:131.481   CPU_ReadMem(4 bytes @ 0xE0001058)
T47CC 000:132.344   CPU_WriteMem(4 bytes @ 0xE0001000)
T47CC 000:133.431   CPU_ReadMem(4 bytes @ 0xE000ED88)
T47CC 000:134.315   CPU_WriteMem(4 bytes @ 0xE000ED88)
T47CC 000:135.381   CPU_ReadMem(4 bytes @ 0xE000ED88)
T47CC 000:136.255   CPU_WriteMem(4 bytes @ 0xE000ED88)
T47CC 000:137.334   CPU_ReadMem(4 bytes @ 0xE000EFB8)
T47CC 000:138.408   Security extension: implemented
T47CC 000:138.585   Secure debug: enabled
T47CC 000:138.773   CoreSight components:
T47CC 000:138.994   ROMTbl[0] @ E00FE000
T47CC 000:139.008   CPU_ReadMem(64 bytes @ 0xE00FE000)
T47CC 000:140.709   CPU_ReadMem(32 bytes @ 0xE0044FE0)
T47CC 000:141.852   CPU_ReadMem(4 bytes @ 0xE0044FBC)
T47CC 000:142.655   CPU_ReadMem(4 bytes @ 0xE0044FCC)
T47CC 000:143.486   [0][0]: E0044000 CID B105900D PID 005BB906 DEVARCH 00000000 DEVTYPE 14 CTI (?)
T47CC 000:143.499   CPU_ReadMem(32 bytes @ 0xE0047FE0)
T47CC 000:144.691   CPU_ReadMem(4 bytes @ 0xE0047FBC)
T47CC 000:145.585   CPU_ReadMem(4 bytes @ 0xE0047FCC)
T47CC 000:146.679   [0][1]: E0047000 CID B105900D PID 003BB908 DEVARCH 00000000 DEVTYPE 12 CSTF
T47CC 000:146.688   CPU_ReadMem(32 bytes @ 0xE0048FE0)
T47CC 000:147.922   CPU_ReadMem(4 bytes @ 0xE0048FBC)
T47CC 000:148.894   CPU_ReadMem(4 bytes @ 0xE0048FCC)
T47CC 000:150.022   [0][2]: E0048000 CID B105900D PID 001BB961 DEVARCH 00000000 DEVTYPE 21 TMC
T47CC 000:150.032   CPU_ReadMem(32 bytes @ 0xE0049FE0)
T47CC 000:151.432   [0][3]: E0049000 CID B105F00D PID 001BB101 TSG
T47CC 000:151.441   CPU_ReadMem(32 bytes @ 0xE0040FE0)
T47CC 000:152.701   CPU_ReadMem(4 bytes @ 0xE0040FBC)
T47CC 000:153.706   CPU_ReadMem(4 bytes @ 0xE0040FCC)
T47CC 000:154.852   [0][4]: E0040000 CID B105900D PID 000BBD21 DEVARCH 00000000 DEVTYPE 11 TPIU
T47CC 000:154.861   CPU_ReadMem(32 bytes @ 0xE00FFFE0)
T47CC 000:156.276   [0][5]: E00FF000 CID B105100D PID 000BB4C9 ROM Table
T47CC 000:156.366   ROMTbl[1] @ E00FF000
T47CC 000:156.376   CPU_ReadMem(64 bytes @ 0xE00FF000)
T47CC 000:158.060   CPU_ReadMem(32 bytes @ 0xE000EFE0)
T47CC 000:159.297   CPU_ReadMem(4 bytes @ 0xE000EFBC)
T47CC 000:160.132   CPU_ReadMem(4 bytes @ 0xE000EFCC)
T47CC 000:161.072   [1][0]: E000E000 CID B105900D PID 000BBD21 DEVARCH 47702A04 DEVTYPE 00 Cortex-M33
T47CC 000:161.086   CPU_ReadMem(32 bytes @ 0xE0001FE0)
T47CC 000:162.294   CPU_ReadMem(4 bytes @ 0xE0001FBC)
T47CC 000:163.172   CPU_ReadMem(4 bytes @ 0xE0001FCC)
T47CC 000:164.128   [1][1]: E0001000 CID B105900D PID 000BBD21 DEVARCH 47701A02 DEVTYPE 00 DWT
T47CC 000:164.141   CPU_ReadMem(32 bytes @ 0xE0002FE0)
T47CC 000:165.325   CPU_ReadMem(4 bytes @ 0xE0002FBC)
T47CC 000:166.176   CPU_ReadMem(4 bytes @ 0xE0002FCC)
T47CC 000:167.324   [1][2]: E0002000 CID B105900D PID 000BBD21 DEVARCH 47701A03 DEVTYPE 00 FPB
T47CC 000:167.338   CPU_ReadMem(32 bytes @ 0xE0000FE0)
T47CC 000:168.565   CPU_ReadMem(4 bytes @ 0xE0000FBC)
T47CC 000:169.654   CPU_ReadMem(4 bytes @ 0xE0000FCC)
T47CC 000:170.758   [1][3]: E0000000 CID B105900D PID 000BBD21 DEVARCH 47701A01 DEVTYPE 43 ITM
T47CC 000:170.772   CPU_ReadMem(32 bytes @ 0xE0041FE0)
T47CC 000:171.966   CPU_ReadMem(4 bytes @ 0xE0041FBC)
T47CC 000:172.872   CPU_ReadMem(4 bytes @ 0xE0041FCC)
T47CC 000:173.811   [1][5]: E0041000 CID B105900D PID 002BBD21 DEVARCH 47724A13 DEVTYPE 13 ETM
T47CC 000:173.825   CPU_ReadMem(32 bytes @ 0xE0042FE0)
T47CC 000:175.069   CPU_ReadMem(4 bytes @ 0xE0042FBC)
T47CC 000:175.838   CPU_ReadMem(4 bytes @ 0xE0042FCC)
T47CC 000:176.706   [1][6]: E0042000 CID B105900D PID 000BBD21 DEVARCH 47701A14 DEVTYPE 14 CSS600-CTI
T47CC 000:176.745 - 84.567ms returns 0x00
T47CC 000:176.761 JLINK_GetIdData(pIdData)
T47CC 000:177.439   pIdData->ScanLen=4
T47CC 000:177.448   pIdData->NumDevices=1
T47CC 000:177.454   pIdData->aId[0]=0x6BA02477
T47CC 000:177.459   pIdData->aIrRead[0]=0
T47CC 000:177.510   pIdData->aScanLen[0]=0
T47CC 000:177.515   pIdData->aScanRead[0]=0
T47CC 000:177.521 - 0.760ms 
T47CC 000:177.534 JLINK_GetMemZones(...)
T47CC 000:177.539 - 0.004ms returns 1
T47CC 000:177.630 JLINK_HasError()
T47CC 000:177.639 JLINK_CORE_GetFound()
T47CC 000:177.644 - 0.004ms returns 0xE0200FF
T47CC 000:177.735 JLINK_ExecCommand("EnableEraseAllFlashBanks", ...). 
T47CC 000:177.745 - 0.002ms returns 0x00
T47CC 000:177.811 JLINK_DEVICE_GetIndex(sDeviceName = <NULL>)
T47CC 000:177.818 - 0.006ms returns 7166
T47CC 000:177.879 JLINK_Reset()
T47CC 000:177.961   ResetTarget() start
T47CC 000:177.969    J-Link Script File: Executing ResetTarget()
T47CC 000:177.980   CPU_ReadMem(4 bytes @ 0xE000ED44)
T47CC 000:178.863   CPU_ReadMem(4 bytes @ 0xE000EE08)
T47CC 000:179.823   CPU is running
T47CC 000:179.885   CPU_WriteMem(4 bytes @ 0xE000EE08)
T47CC 000:180.796   CPU_ReadMem(4 bytes @ 0xE000EE08)
T47CC 000:181.894   Reset: ARMv8M core with Security Extension enabled detected. Switch to secure domain.
T47CC 000:181.969   Reset: Halt core after reset via DEMCR.VC_CORERESET.
T47CC 000:181.979   CPU is running
T47CC 000:181.985   CPU_WriteMem(4 bytes @ 0xE000EDF0)
T47CC 000:182.891   CPU is running
T47CC 000:182.969   CPU_WriteMem(4 bytes @ 0xE000EDFC)
T47CC 000:184.729   Reset: Reset device via AIRCR.SYSRESETREQ.
T47CC 000:184.739   CPU is running
T47CC 000:184.745   CPU_WriteMem(4 bytes @ 0xE000ED0C)
T47CC 000:237.716   CPU_ReadMem(4 bytes @ 0xE000EDF0)
T47CC 000:238.583   CPU_ReadMem(4 bytes @ 0xE000EDF0)
T47CC 000:239.455   CPU is running
T47CC 000:239.467   CPU_WriteMem(4 bytes @ 0xE000EDFC)
T47CC 000:240.594   ResetTarget() end - Took 62.4ms
T47CC 000:240.795   Device specific reset executed.
T47CC 000:248.277   CPU_ReadMem(4 bytes @ 0xE000EE08)
T47CC 000:249.133   CPU_WriteMem(4 bytes @ 0xE0002000)
T47CC 000:250.053   CPU_ReadMem(4 bytes @ 0xE000EDFC)
T47CC 000:250.872   CPU_ReadMem(4 bytes @ 0xE0001000)
T47CC 000:251.657   CPU_ReadMem(4 bytes @ 0xE000EE08)
T47CC 000:252.531 - 74.652ms 
T47CC 000:252.554 JLINK_Halt()
T47CC 000:252.559 - 0.005ms returns 0x00
T47CC 000:252.656 JLINK_Erase()
T47CC 000:253.286   CPU_ReadMem(4 bytes @ 0xE000ED90)
T47CC 000:254.121   CPU_ReadMem(4 bytes @ 0xE000ED94)
T47CC 000:254.933    -- --------------------------------------
T47CC 000:254.946    -- Start of determining flash info (Bank @ 0x60000000)
T47CC 000:254.956    -- Loader provides SEGGER_OPEN_GetFlashInfo(). Determining dynamic flash info (sectorization etc.) now
T47CC 000:254.965    -- Preparing RAMCode
T47CC 000:254.970    -- Calculating RAM usage
T47CC 000:254.976    -- RAM usage = 12096 Bytes
T47CC 000:254.982    -- Preserving CPU registers
T47CC 000:255.889    -- Preparing memory
T47CC 000:255.903    -- Preparing target
T47CC 000:255.910    -- Preserving target RAM temporarily used for programming
T47CC 000:401.273    -- Downloading RAMCode
T47CC 000:600.115    -- Initializing RAMCode (InitType: 3 = Verify)
T47CC 000:600.148   CPU_ReadMem(1 bytes @ 0x40080D03)
T47CC 000:602.077   CPU_WriteMem(1 bytes @ 0x40080D03)
T47CC 000:602.109   CPU_WriteMem(1 bytes @ 0x40080D03)
T47CC 000:602.118   CPU_ReadMem(4 bytes @ 0x400808D4)
T47CC 000:604.668   CPU_WriteMem(4 bytes @ 0x400808D4)
T47CC 000:604.703   CPU_ReadMem(4 bytes @ 0x400808D8)
T47CC 000:606.353   CPU_WriteMem(4 bytes @ 0x400808D8)
T47CC 000:606.388   CPU_ReadMem(4 bytes @ 0x400808DC)
T47CC 000:607.800   CPU_WriteMem(4 bytes @ 0x400808DC)
T47CC 000:607.820   CPU_ReadMem(4 bytes @ 0x400808E0)
T47CC 000:609.250   CPU_WriteMem(4 bytes @ 0x400808E0)
T47CC 000:609.266   CPU_ReadMem(4 bytes @ 0x400808E4)
T47CC 000:610.614   CPU_WriteMem(4 bytes @ 0x400808E4)
T47CC 000:610.632   CPU_ReadMem(4 bytes @ 0x400808E8)
T47CC 000:612.327   CPU_WriteMem(4 bytes @ 0x400808E8)
T47CC 000:612.392   CPU_WriteMem(1 bytes @ 0x40080D03)
T47CC 000:612.402   CPU_WriteMem(1 bytes @ 0x40080D03)
T47CC 000:612.413    -- Executing SEGGER_FL_Prepare(3)
T47CC 000:632.700    -- Executing SEGGER_FL_Restore()
T47CC 000:642.000   CPU_ReadMem(1 bytes @ 0x40080D03)
T47CC 000:642.888   CPU_WriteMem(1 bytes @ 0x40080D03)
T47CC 000:642.919   CPU_WriteMem(1 bytes @ 0x40080D03)
T47CC 000:642.926   CPU_WriteMem(4 bytes @ 0x400808D4)
T47CC 000:642.933   CPU_WriteMem(4 bytes @ 0x400808D8)
T47CC 000:642.940   CPU_WriteMem(4 bytes @ 0x400808DC)
T47CC 000:642.947   CPU_WriteMem(4 bytes @ 0x400808E0)
T47CC 000:642.954   CPU_WriteMem(4 bytes @ 0x400808E4)
T47CC 000:642.961   CPU_WriteMem(4 bytes @ 0x400808E8)
T47CC 000:642.967   CPU_WriteMem(1 bytes @ 0x40080D03)
T47CC 000:642.975   CPU_WriteMem(1 bytes @ 0x40080D03)
T47CC 000:647.863    -- Restoring target memory
T47CC 000:770.460    -- Restoring CPU registers
T47CC 000:771.326    -- SEGGER_OPEN_GetFlashInfo(): Loader detected 1 sector ranges.
T47CC 000:771.340    -- SEGGER_OPEN_GetFlashInfo(): Flash size changed from 0x04000000 to 0x02000000 according to new sector ranges.
T47CC 000:771.348    -- End of determining flash info
T47CC 000:771.355    -- Start of determining dirty areas
T47CC 000:771.385    -- End of determining dirty areas
T47CC 000:771.394    -- Start of preparing flash programming
T47CC 000:771.402    -- Preparing RAMCode
T47CC 000:771.409    -- Calculating RAM usage
T47CC 000:771.416    -- RAM usage = 12096 Bytes
T47CC 000:771.422    -- Preserving CPU registers
T47CC 000:771.444    -- Preparing memory
T47CC 000:771.450    -- Preparing target
T47CC 000:771.456    -- Preserving target RAM temporarily used for programming
T47CC 000:916.126    -- Downloading RAMCode
T47CC 001:113.980    -- Initializing RAMCode (InitType: 3 = Verify)
T47CC 001:114.020   CPU_ReadMem(1 bytes @ 0x40080D03)
T47CC 001:116.412   CPU_WriteMem(1 bytes @ 0x40080D03)
T47CC 001:116.442   CPU_WriteMem(1 bytes @ 0x40080D03)
T47CC 001:116.452   CPU_ReadMem(4 bytes @ 0x400808D4)
T47CC 001:119.525   CPU_WriteMem(4 bytes @ 0x400808D4)
T47CC 001:119.557   CPU_ReadMem(4 bytes @ 0x400808D8)
T47CC 001:121.465   CPU_WriteMem(4 bytes @ 0x400808D8)
T47CC 001:121.500   CPU_ReadMem(4 bytes @ 0x400808DC)
T47CC 001:123.180   CPU_WriteMem(4 bytes @ 0x400808DC)
T47CC 001:123.213   CPU_ReadMem(4 bytes @ 0x400808E0)
T47CC 001:124.612   CPU_WriteMem(4 bytes @ 0x400808E0)
T47CC 001:124.627   CPU_ReadMem(4 bytes @ 0x400808E4)
T47CC 001:126.039   CPU_WriteMem(4 bytes @ 0x400808E4)
T47CC 001:126.055   CPU_ReadMem(4 bytes @ 0x400808E8)
T47CC 001:127.442   CPU_WriteMem(4 bytes @ 0x400808E8)
T47CC 001:127.458   CPU_WriteMem(1 bytes @ 0x40080D03)
T47CC 001:127.466   CPU_WriteMem(1 bytes @ 0x40080D03)
T47CC 001:127.474    -- Executing SEGGER_FL_Prepare(3)
T47CC 001:150.315    -- End of preparing flash programming
T47CC 001:155.901    -- CPU speed could not be measured.
T47CC 001:155.917    -- Start of erasing sectors
T47CC 001:155.925    -- Erasing range 0x60000000 - 0x6001FFFF (  2 Sectors, 128 KB)
T47CC 001:740.462    -- Erasing range 0x60020000 - 0x6003FFFF (  2 Sectors, 128 KB)
T47CC 002:288.186    -- Erasing range 0x60040000 - 0x6005FFFF (  2 Sectors, 128 KB)
T47CC 002:854.504    -- Erasing range 0x60060000 - 0x6007FFFF (  2 Sectors, 128 KB)
T47CC 003:412.864    -- Erasing range 0x60080000 - 0x6009FFFF (  2 Sectors, 128 KB)
T47CC 003:947.922    -- Erasing range 0x600A0000 - 0x600BFFFF (  2 Sectors, 128 KB)
T47CC 004:502.786    -- Erasing range 0x600C0000 - 0x600DFFFF (  2 Sectors, 128 KB)
T47CC 005:063.615    -- Erasing range 0x600E0000 - 0x600FFFFF (  2 Sectors, 128 KB)
T47CC 005:608.275    -- End of erasing sectors
T47CC 005:608.308    -- Start of restoring
T47CC 005:608.315    -- Executing SEGGER_FL_Restore()
T47CC 005:617.489   CPU_ReadMem(1 bytes @ 0x40080D03)
T47CC 005:618.391   CPU_WriteMem(1 bytes @ 0x40080D03)
T47CC 005:618.455   CPU_WriteMem(1 bytes @ 0x40080D03)
T47CC 005:618.482   CPU_WriteMem(4 bytes @ 0x400808D4)
T47CC 005:618.489   CPU_WriteMem(4 bytes @ 0x400808D8)
T47CC 005:618.497   CPU_WriteMem(4 bytes @ 0x400808DC)
T47CC 005:618.504   CPU_WriteMem(4 bytes @ 0x400808E0)
T47CC 005:618.511   CPU_WriteMem(4 bytes @ 0x400808E4)
T47CC 005:618.561   CPU_WriteMem(4 bytes @ 0x400808E8)
T47CC 005:618.572   CPU_WriteMem(1 bytes @ 0x40080D03)
T47CC 005:618.579   CPU_WriteMem(1 bytes @ 0x40080D03)
T47CC 005:623.555    -- Restoring target memory
T47CC 005:746.547    -- Restoring CPU registers
T47CC 005:748.292    -- End of restoring
T47CC 005:748.923    -- Total time needed: 4.976s (Prepare: 0.384s, Compare: 0.000s, Erase: 4.452s, Program: 0.000s, Verify: 0.000s, Restore: 0.140s)
T47CC 005:970.344    -- 
Flash sectors within Range [0x60000000 - 0x600FFFFF] deleted.
T47CC 005:971.019 - 5718.363ms returns 0
T47CC 005:973.233 JLINK_DEVICE_GetIndex(sDeviceName = <NULL>)
T47CC 005:973.258 - 0.025ms returns 7166
T47CC 005:973.318 JLINK_Reset()
T47CC 005:973.365   ResetTarget() start
T47CC 005:973.375    J-Link Script File: Executing ResetTarget()
T47CC 005:973.386   CPU_ReadMem(4 bytes @ 0xE000ED44)
T47CC 005:974.285   CPU_ReadMem(4 bytes @ 0xE000EE08)
T47CC 005:975.160   CPU_WriteMem(4 bytes @ 0xE000EE08)
T47CC 005:976.069   CPU_ReadMem(4 bytes @ 0xE000EE08)
T47CC 005:977.025   Reset: ARMv8M core with Security Extension enabled detected. Switch to secure domain.
T47CC 005:977.103   Reset: Halt core after reset via DEMCR.VC_CORERESET.
T47CC 005:977.114   CPU_WriteMem(4 bytes @ 0xE000EDF0)
T47CC 005:978.038   CPU_WriteMem(4 bytes @ 0xE000EDFC)
T47CC 005:979.745   Reset: Reset device via AIRCR.SYSRESETREQ.
T47CC 005:979.757   CPU_WriteMem(4 bytes @ 0xE000ED0C)
T47CC 006:032.073   CPU_ReadMem(4 bytes @ 0xE000EDF0)
T47CC 006:034.027   CPU_ReadMem(4 bytes @ 0xE000EDF0)
T47CC 006:036.031   CPU_WriteMem(4 bytes @ 0xE000EDFC)
T47CC 006:038.073   ResetTarget() end - Took 64.4ms
T47CC 006:038.354   Device specific reset executed.
T47CC 006:046.197   CPU_ReadMem(4 bytes @ 0xE000EE08)
T47CC 006:047.261   CPU_WriteMem(4 bytes @ 0xE0002000)
T47CC 006:048.384   CPU_ReadMem(4 bytes @ 0xE000EDFC)
T47CC 006:049.296   CPU_ReadMem(4 bytes @ 0xE0001000)
T47CC 006:050.364   CPU_ReadMem(4 bytes @ 0xE000EE08)
T47CC 006:051.307 - 77.987ms 
T47CC 006:051.393 JLINK_Halt()
T47CC 006:051.397 - 0.004ms returns 0x00
T47CC 006:051.525 JLINK_Erase()
T47CC 006:052.156   CPU_ReadMem(4 bytes @ 0xE000ED90)
T47CC 006:053.098   CPU_ReadMem(4 bytes @ 0xE000ED94)
T47CC 006:054.201    -- --------------------------------------
T47CC 006:054.213    -- Start of determining flash info (Bank @ 0x60000000)
T47CC 006:054.220    -- Loader provides SEGGER_OPEN_GetFlashInfo(). Determining dynamic flash info (sectorization etc.) now
T47CC 006:054.226    -- Preparing RAMCode
T47CC 006:054.233    -- Calculating RAM usage
T47CC 006:054.239    -- RAM usage = 12096 Bytes
T47CC 006:054.244    -- Preserving CPU registers
T47CC 006:055.131    -- Preparing memory
T47CC 006:055.143    -- Preparing target
T47CC 006:055.148    -- Preserving target RAM temporarily used for programming
T47CC 006:201.080    -- Downloading RAMCode
T47CC 006:401.275    -- Initializing RAMCode (InitType: 3 = Verify)
T47CC 006:401.379   CPU_ReadMem(1 bytes @ 0x40080D03)
T47CC 006:403.526   CPU_WriteMem(1 bytes @ 0x40080D03)
T47CC 006:403.629   CPU_WriteMem(1 bytes @ 0x40080D03)
T47CC 006:403.678   CPU_ReadMem(4 bytes @ 0x400808D4)
T47CC 006:406.029   CPU_WriteMem(4 bytes @ 0x400808D4)
T47CC 006:406.138   CPU_ReadMem(4 bytes @ 0x400808D8)
T47CC 006:408.230   CPU_WriteMem(4 bytes @ 0x400808D8)
T47CC 006:408.343   CPU_ReadMem(4 bytes @ 0x400808DC)
T47CC 006:410.387   CPU_WriteMem(4 bytes @ 0x400808DC)
T47CC 006:410.495   CPU_ReadMem(4 bytes @ 0x400808E0)
T47CC 006:412.458   CPU_WriteMem(4 bytes @ 0x400808E0)
T47CC 006:412.567   CPU_ReadMem(4 bytes @ 0x400808E4)
T47CC 006:415.084   CPU_WriteMem(4 bytes @ 0x400808E4)
T47CC 006:415.192   CPU_ReadMem(4 bytes @ 0x400808E8)
T47CC 006:417.485   CPU_WriteMem(4 bytes @ 0x400808E8)
T47CC 006:417.593   CPU_WriteMem(1 bytes @ 0x40080D03)
T47CC 006:417.634   CPU_WriteMem(1 bytes @ 0x40080D03)
T47CC 006:417.676    -- Executing SEGGER_FL_Prepare(3)
T47CC 006:444.403    -- Executing SEGGER_FL_Restore()
T47CC 006:456.180   CPU_ReadMem(1 bytes @ 0x40080D03)
T47CC 006:458.085   CPU_WriteMem(1 bytes @ 0x40080D03)
T47CC 006:458.188   CPU_WriteMem(1 bytes @ 0x40080D03)
T47CC 006:458.233   CPU_WriteMem(4 bytes @ 0x400808D4)
T47CC 006:458.275   CPU_WriteMem(4 bytes @ 0x400808D8)
T47CC 006:458.316   CPU_WriteMem(4 bytes @ 0x400808DC)
T47CC 006:458.357   CPU_WriteMem(4 bytes @ 0x400808E0)
T47CC 006:458.398   CPU_WriteMem(4 bytes @ 0x400808E4)
T47CC 006:458.439   CPU_WriteMem(4 bytes @ 0x400808E8)
T47CC 006:458.477   CPU_WriteMem(1 bytes @ 0x40080D03)
T47CC 006:458.516   CPU_WriteMem(1 bytes @ 0x40080D03)
T47CC 006:463.867    -- Restoring target memory
T47CC 006:587.384    -- Restoring CPU registers
T47CC 006:589.017    -- SEGGER_OPEN_GetFlashInfo(): Loader detected 1 sector ranges.
T47CC 006:589.107    -- End of determining flash info
T47CC 006:589.141    -- Start of determining dirty areas
T47CC 006:589.314    -- End of determining dirty areas
T47CC 006:589.351    -- Start of preparing flash programming
T47CC 006:589.386    -- Preparing RAMCode
T47CC 006:589.445    -- Calculating RAM usage
T47CC 006:589.481    -- RAM usage = 12096 Bytes
T47CC 006:589.513    -- Preserving CPU registers
T47CC 006:589.643    -- Preparing memory
T47CC 006:589.678    -- Preparing target
T47CC 006:589.711    -- Preserving target RAM temporarily used for programming
T47CC 006:735.603    -- Downloading RAMCode
T47CC 006:935.660    -- Initializing RAMCode (InitType: 3 = Verify)
T47CC 006:935.761   CPU_ReadMem(1 bytes @ 0x40080D03)
T47CC 006:937.622   CPU_WriteMem(1 bytes @ 0x40080D03)
T47CC 006:937.726   CPU_WriteMem(1 bytes @ 0x40080D03)
T47CC 006:937.773   CPU_ReadMem(4 bytes @ 0x400808D4)
T47CC 006:940.065   CPU_WriteMem(4 bytes @ 0x400808D4)
T47CC 006:940.176   CPU_ReadMem(4 bytes @ 0x400808D8)
T47CC 006:943.309   CPU_WriteMem(4 bytes @ 0x400808D8)
T47CC 006:943.421   CPU_ReadMem(4 bytes @ 0x400808DC)
T47CC 006:945.453   CPU_WriteMem(4 bytes @ 0x400808DC)
T47CC 006:945.565   CPU_ReadMem(4 bytes @ 0x400808E0)
T47CC 006:947.849   CPU_WriteMem(4 bytes @ 0x400808E0)
T47CC 006:947.960   CPU_ReadMem(4 bytes @ 0x400808E4)
T47CC 006:950.109   CPU_WriteMem(4 bytes @ 0x400808E4)
T47CC 006:950.224   CPU_ReadMem(4 bytes @ 0x400808E8)
T47CC 006:952.025   CPU_WriteMem(4 bytes @ 0x400808E8)
T47CC 006:952.130   CPU_WriteMem(1 bytes @ 0x40080D03)
T47CC 006:952.170   CPU_WriteMem(1 bytes @ 0x40080D03)
T47CC 006:952.211    -- Executing SEGGER_FL_Prepare(3)
T47CC 006:976.318    -- End of preparing flash programming
T47CC 006:984.029    -- CPU speed could not be measured.
T47CC 006:984.109    -- Start of erasing sectors
T47CC 006:984.149    -- Erasing range 0x61000000 - 0x6101FFFF (  2 Sectors, 128 KB)
T47CC 007:573.076    -- Erasing range 0x61020000 - 0x6103FFFF (  2 Sectors, 128 KB)
T47CC 008:130.989    -- Erasing range 0x61040000 - 0x6105FFFF (  2 Sectors, 128 KB)
T47CC 008:696.168    -- Erasing range 0x61060000 - 0x6107FFFF (  2 Sectors, 128 KB)
T47CC 009:255.213    -- Erasing range 0x61080000 - 0x6109FFFF (  2 Sectors, 128 KB)
T47CC 009:795.206    -- Erasing range 0x610A0000 - 0x610BFFFF (  2 Sectors, 128 KB)
T47CC 010:350.162    -- Erasing range 0x610C0000 - 0x610DFFFF (  2 Sectors, 128 KB)
T47CC 010:914.037    -- Erasing range 0x610E0000 - 0x610FFFFF (  2 Sectors, 128 KB)
T47CC 011:464.602    -- Erasing range 0x61100000 - 0x6111FFFF (  2 Sectors, 128 KB)
T47CC 012:002.775    -- Erasing range 0x61120000 - 0x6113FFFF (  2 Sectors, 128 KB)
T47CC 012:552.765    -- Erasing range 0x61140000 - 0x6115FFFF (  2 Sectors, 128 KB)
T47CC 013:106.981    -- Erasing range 0x61160000 - 0x6117FFFF (  2 Sectors, 128 KB)
T47CC 013:645.675    -- Erasing range 0x61180000 - 0x6119FFFF (  2 Sectors, 128 KB)
T47CC 014:182.123    -- Erasing range 0x611A0000 - 0x611BFFFF (  2 Sectors, 128 KB)
T47CC 014:727.659    -- Erasing range 0x611C0000 - 0x611DFFFF (  2 Sectors, 128 KB)
T47CC 015:281.981    -- Erasing range 0x611E0000 - 0x611FFFFF (  2 Sectors, 128 KB)
T47CC 015:829.126    -- End of erasing sectors
T47CC 015:829.149    -- Start of restoring
T47CC 015:829.155    -- Executing SEGGER_FL_Restore()
T47CC 015:838.547   CPU_ReadMem(1 bytes @ 0x40080D03)
T47CC 015:839.414   CPU_WriteMem(1 bytes @ 0x40080D03)
T47CC 015:839.435   CPU_WriteMem(1 bytes @ 0x40080D03)
T47CC 015:839.448   CPU_WriteMem(4 bytes @ 0x400808D4)
T47CC 015:839.458   CPU_WriteMem(4 bytes @ 0x400808D8)
T47CC 015:839.466   CPU_WriteMem(4 bytes @ 0x400808DC)
T47CC 015:839.472   CPU_WriteMem(4 bytes @ 0x400808E0)
T47CC 015:839.478   CPU_WriteMem(4 bytes @ 0x400808E4)
T47CC 015:839.486   CPU_WriteMem(4 bytes @ 0x400808E8)
T47CC 015:839.493   CPU_WriteMem(1 bytes @ 0x40080D03)
T47CC 015:839.499   CPU_WriteMem(1 bytes @ 0x40080D03)
T47CC 015:844.472    -- Restoring target memory
T47CC 015:967.474    -- Restoring CPU registers
T47CC 015:968.918    -- End of restoring
T47CC 015:969.438    -- Total time needed: 9.379s (Prepare: 0.394s, Compare: 0.000s, Erase: 8.845s, Program: 0.000s, Verify: 0.000s, Restore: 0.139s)
T47CC 016:163.838    -- 
Flash sectors within Range [0x61000000 - 0x611FFFFF] deleted.
T47CC 016:164.677 - 10113.151ms returns 0
T47CC 016:167.558 JLINK_IsOpen()
T47CC 016:167.582 - 0.023ms returns 0x01
T47CC 016:177.506 JLINK_Close()
T47CC 016:178.238   CPU_ReadMem(4 bytes @ 0xE0001000)
T47CC 016:214.880 - 37.373ms
T47CC 016:214.906   
T47CC 016:214.909   Closed
