T6950 000:067.288   SEGGER J-Link V8.12 Log File
T6950 000:067.383   DLL Compiled: Dec 18 2024 15:27:57
T6950 000:067.388   Logging started @ 2025-04-07 15:34
T6950 000:067.392   Process: C:\Program Files\SEGGER\JLink_V812\JLink.exe
T6950 000:067.399 - 67.396ms 
T6950 000:067.453 JLINK_ExecCommand("DEVICE_SelectLoader BankAddr=0x60000000 Loader=CLK@P305_nCS@P306_D0@P307_D1@P308_D2@P309_D3@P310", ...). 
T6950 000:067.514   Flash bank @ 0x60000000: Stored loader selection. Loader = CLK@P305_nCS@P306_D0@P307_D1@P308_D2@P309_D3@P310
T6950 000:067.528 - 0.065ms returns 0x00
T6950 000:067.590 JLINK_TIF_GetAvailable(...)
T6950 000:070.067 - 2.479ms 
T6950 000:070.182 JLINK_DEVICE_GetIndex(sDeviceName = R7FA6M4AF)
T6950 000:081.037 - 10.852ms returns 7166
T6950 000:081.057 JLINK_ExecCommand("device=R7FA6M4AF", ...). 
T6950 000:081.831   Flash bank @ 0x0100A100: SFL: Parsing sectorization info from ELF file
T6950 000:081.842     FlashDevice.SectorInfo[0]: .SectorSize = 0x00000010, .SectorStartAddr = 0x00000000
T6950 000:081.848   FlashBank @0x0100A100: Sectorization info from SFL ELF file ignored because sectorization override from DLL / XML file is active.
T6950 000:082.110   Flash bank @ 0x60000000: SFL: Parsing sectorization info from ELF file
T6950 000:082.118     FlashDevice.SectorInfo[0]: .SectorSize = 0x00010000, .SectorStartAddr = 0x00000000
T6950 000:084.493   Device "R7FA6M4AF" selected.
T6950 000:085.611 - 4.548ms returns 0x00
T6950 000:085.626 JLINK_EnableLog(...)
T6950 000:085.630 - 0.004ms 
T6950 000:085.682 JLINK_GetEmuCaps()
T6950 000:085.694 - 0.011ms returns 0xB8EA5A33
T6950 000:085.699 JLINK_TIF_GetAvailable(...)
T6950 000:086.334 - 0.635ms 
T6950 000:086.352 JLINK_TIF_Select(JLINKARM_TIF_SWD)
T6950 000:088.446 - 2.098ms returns 0x00
T6950 000:088.530 JLINK_IsConnected()
T6950 000:088.542 - 0.015ms returns FALSE
T6950 000:088.547 JLINK_SetSpeed(4000)
T6950 000:088.902 - 0.354ms 
T6950 000:088.918 JLINK_Connect()
T6950 000:089.624   ConfigTargetSettings() start
T6950 000:089.636    J-Link Script File: Executing ConfigTargetSettings()
T6950 000:089.758   Configuring FlashDLNoRMWThreshold=0x200 in order to make sure that option bytes programming is done via read-modify-write
T6950 000:089.912   ConfigTargetSettings() end - Took 141us
T6950 000:090.045   InitTarget() start
T6950 000:090.057    J-Link Script File: Executing InitTarget()
T6950 000:090.131   SWD selected. Executing JTAG -> SWD switching sequence.
T6950 000:094.952   DAP initialized successfully.
T6950 000:095.073   Determining TrustZone configuration...
T6950 000:098.120     Secure Debug: Enabled (SSD)
T6950 000:098.246   Determining currently configured transfer type by reading the AHB-AP CSW register.
T6950 000:100.618     --> Correct transfer type configured. Done.
T6950 000:100.676   InitTarget() end - Took 10.5ms
T6950 000:102.362   Found SW-DP with ID 0x6BA02477
T6950 000:108.105   DPIDR: 0x6BA02477
T6950 000:108.186   CoreSight SoC-400 or earlier
T6950 000:108.268   Scanning AP map to find all available APs
T6950 000:111.141   AP[2]: Stopped AP scan as end of AP map has been reached
T6950 000:111.221   AP[0]: AHB-AP (IDR: 0x84770001, ADDR: 0x00000000)
T6950 000:111.300   AP[1]: APB-AP (IDR: 0x54770002, ADDR: 0x01000000)
T6950 000:111.382   Iterating through AP map to find AHB-AP to use
T6950 000:113.820   AP[0]: Core found
T6950 000:113.906   AP[0]: AHB-AP ROM base: 0xE00FE000
T6950 000:115.040   CPUID register: 0x410FD214. Implementer code: 0x41 (ARM)
T6950 000:115.091   Feature set: Mainline
T6950 000:116.204   Cache: No cache
T6950 000:116.259   Found Cortex-M33 r0p4, Little endian.
T6950 000:117.263   -- Max. mem block: 0x00001960
T6950 000:119.407   CPU_ReadMem(4 bytes @ 0xE000EDF0)
T6950 000:120.563   CPU_ReadMem(4 bytes @ 0xE0002000)
T6950 000:121.486   FPUnit: 8 code (BP) slots and 0 literal slots
T6950 000:121.496   CPU_ReadMem(4 bytes @ 0xE000EDFC)
T6950 000:122.293   CPU_ReadMem(4 bytes @ 0xE0001000)
T6950 000:123.160   CPU_ReadMem(4 bytes @ 0xE0001000)
T6950 000:124.106   CPU_ReadMem(4 bytes @ 0xE0001028)
T6950 000:125.131   CPU_ReadMem(4 bytes @ 0xE0001038)
T6950 000:126.053   CPU_ReadMem(4 bytes @ 0xE0001048)
T6950 000:126.985   CPU_ReadMem(4 bytes @ 0xE0001058)
T6950 000:127.824   CPU_WriteMem(4 bytes @ 0xE0001000)
T6950 000:128.825   CPU_ReadMem(4 bytes @ 0xE000ED88)
T6950 000:129.673   CPU_WriteMem(4 bytes @ 0xE000ED88)
T6950 000:130.566   CPU_ReadMem(4 bytes @ 0xE000ED88)
T6950 000:131.453   CPU_WriteMem(4 bytes @ 0xE000ED88)
T6950 000:132.311   CPU_ReadMem(4 bytes @ 0xE000EFB8)
T6950 000:133.385   Security extension: implemented
T6950 000:133.477   Secure debug: enabled
T6950 000:133.557   CoreSight components:
T6950 000:133.637   ROMTbl[0] @ E00FE000
T6950 000:133.650   CPU_ReadMem(64 bytes @ 0xE00FE000)
T6950 000:135.292   CPU_ReadMem(32 bytes @ 0xE0044FE0)
T6950 000:136.518   CPU_ReadMem(4 bytes @ 0xE0044FBC)
T6950 000:137.423   CPU_ReadMem(4 bytes @ 0xE0044FCC)
T6950 000:138.618   [0][0]: E0044000 CID B105900D PID 005BB906 DEVARCH 00000000 DEVTYPE 14 CTI (?)
T6950 000:138.632   CPU_ReadMem(32 bytes @ 0xE0047FE0)
T6950 000:139.904   CPU_ReadMem(4 bytes @ 0xE0047FBC)
T6950 000:140.980   CPU_ReadMem(4 bytes @ 0xE0047FCC)
T6950 000:142.077   [0][1]: E0047000 CID B105900D PID 003BB908 DEVARCH 00000000 DEVTYPE 12 CSTF
T6950 000:142.090   CPU_ReadMem(32 bytes @ 0xE0048FE0)
T6950 000:143.369   CPU_ReadMem(4 bytes @ 0xE0048FBC)
T6950 000:144.442   CPU_ReadMem(4 bytes @ 0xE0048FCC)
T6950 000:145.358   [0][2]: E0048000 CID B105900D PID 001BB961 DEVARCH 00000000 DEVTYPE 21 TMC
T6950 000:145.372   CPU_ReadMem(32 bytes @ 0xE0049FE0)
T6950 000:146.668   [0][3]: E0049000 CID B105F00D PID 001BB101 TSG
T6950 000:146.681   CPU_ReadMem(32 bytes @ 0xE0040FE0)
T6950 000:147.896   CPU_ReadMem(4 bytes @ 0xE0040FBC)
T6950 000:148.742   CPU_ReadMem(4 bytes @ 0xE0040FCC)
T6950 000:149.693   [0][4]: E0040000 CID B105900D PID 000BBD21 DEVARCH 00000000 DEVTYPE 11 TPIU
T6950 000:149.707   CPU_ReadMem(32 bytes @ 0xE00FFFE0)
T6950 000:151.069   [0][5]: E00FF000 CID B105100D PID 000BB4C9 ROM Table
T6950 000:151.165   ROMTbl[1] @ E00FF000
T6950 000:151.178   CPU_ReadMem(64 bytes @ 0xE00FF000)
T6950 000:152.955   CPU_ReadMem(32 bytes @ 0xE000EFE0)
T6950 000:154.426   CPU_ReadMem(4 bytes @ 0xE000EFBC)
T6950 000:155.299   CPU_ReadMem(4 bytes @ 0xE000EFCC)
T6950 000:156.514   [1][0]: E000E000 CID B105900D PID 000BBD21 DEVARCH 47702A04 DEVTYPE 00 Cortex-M33
T6950 000:156.527   CPU_ReadMem(32 bytes @ 0xE0001FE0)
T6950 000:157.730   CPU_ReadMem(4 bytes @ 0xE0001FBC)
T6950 000:158.701   CPU_ReadMem(4 bytes @ 0xE0001FCC)
T6950 000:159.720   [1][1]: E0001000 CID B105900D PID 000BBD21 DEVARCH 47701A02 DEVTYPE 00 DWT
T6950 000:159.731   CPU_ReadMem(32 bytes @ 0xE0002FE0)
T6950 000:160.952   CPU_ReadMem(4 bytes @ 0xE0002FBC)
T6950 000:161.840   CPU_ReadMem(4 bytes @ 0xE0002FCC)
T6950 000:162.792   [1][2]: E0002000 CID B105900D PID 000BBD21 DEVARCH 47701A03 DEVTYPE 00 FPB
T6950 000:162.805   CPU_ReadMem(32 bytes @ 0xE0000FE0)
T6950 000:164.002   CPU_ReadMem(4 bytes @ 0xE0000FBC)
T6950 000:164.850   CPU_ReadMem(4 bytes @ 0xE0000FCC)
T6950 000:165.857   [1][3]: E0000000 CID B105900D PID 000BBD21 DEVARCH 47701A01 DEVTYPE 43 ITM
T6950 000:165.870   CPU_ReadMem(32 bytes @ 0xE0041FE0)
T6950 000:167.090   CPU_ReadMem(4 bytes @ 0xE0041FBC)
T6950 000:167.916   CPU_ReadMem(4 bytes @ 0xE0041FCC)
T6950 000:168.976   [1][5]: E0041000 CID B105900D PID 002BBD21 DEVARCH 47724A13 DEVTYPE 13 ETM
T6950 000:168.989   CPU_ReadMem(32 bytes @ 0xE0042FE0)
T6950 000:170.238   CPU_ReadMem(4 bytes @ 0xE0042FBC)
T6950 000:171.286   CPU_ReadMem(4 bytes @ 0xE0042FCC)
T6950 000:172.340   [1][6]: E0042000 CID B105900D PID 000BBD21 DEVARCH 47701A14 DEVTYPE 14 CSS600-CTI
T6950 000:172.377 - 83.461ms returns 0x00
T6950 000:172.394 JLINK_GetIdData(pIdData)
T6950 000:173.149   pIdData->ScanLen=4
T6950 000:173.196   pIdData->NumDevices=1
T6950 000:173.202   pIdData->aId[0]=0x6BA02477
T6950 000:173.207   pIdData->aIrRead[0]=0
T6950 000:173.213   pIdData->aScanLen[0]=0
T6950 000:173.218   pIdData->aScanRead[0]=0
T6950 000:173.229 - 0.835ms 
T6950 000:173.241 JLINK_GetMemZones(...)
T6950 000:173.246 - 0.004ms returns 1
T6950 000:173.333 JLINK_HasError()
T6950 000:173.345 JLINK_CORE_GetFound()
T6950 000:173.349 - 0.004ms returns 0xE0200FF
T6950 000:173.455 JLINK_ExecCommand("EnableEraseAllFlashBanks", ...). 
T6950 000:173.473 - 0.004ms returns 0x00
T6950 000:173.516 JLINK_DEVICE_GetIndex(sDeviceName = <NULL>)
T6950 000:173.526 - 0.010ms returns 7166
T6950 000:173.592 JLINK_Reset()
T6950 000:173.697   ResetTarget() start
T6950 000:173.709    J-Link Script File: Executing ResetTarget()
T6950 000:173.723   CPU_ReadMem(4 bytes @ 0xE000ED44)
T6950 000:174.579   CPU_ReadMem(4 bytes @ 0xE000EE08)
T6950 000:175.405   CPU is running
T6950 000:175.470   CPU_WriteMem(4 bytes @ 0xE000EE08)
T6950 000:176.416   CPU_ReadMem(4 bytes @ 0xE000EE08)
T6950 000:177.474   Reset: ARMv8M core with Security Extension enabled detected. Switch to secure domain.
T6950 000:177.530   Reset: Halt core after reset via DEMCR.VC_CORERESET.
T6950 000:177.543   CPU is running
T6950 000:177.550   CPU_WriteMem(4 bytes @ 0xE000EDF0)
T6950 000:178.444   CPU is running
T6950 000:178.455   CPU_WriteMem(4 bytes @ 0xE000EDFC)
T6950 000:180.023   Reset: Reset device via AIRCR.SYSRESETREQ.
T6950 000:180.038   CPU is running
T6950 000:180.045   CPU_WriteMem(4 bytes @ 0xE000ED0C)
T6950 000:233.837   CPU_ReadMem(4 bytes @ 0xE000EDF0)
T6950 000:234.676   CPU_ReadMem(4 bytes @ 0xE000EDF0)
T6950 000:235.485   CPU is running
T6950 000:235.496   CPU_WriteMem(4 bytes @ 0xE000EDFC)
T6950 000:236.523   ResetTarget() end - Took 62.7ms
T6950 000:236.574   Device specific reset executed.
T6950 000:244.008   CPU_ReadMem(4 bytes @ 0xE000EE08)
T6950 000:244.907   CPU_WriteMem(4 bytes @ 0xE0002000)
T6950 000:245.740   CPU_ReadMem(4 bytes @ 0xE000EDFC)
T6950 000:246.572   CPU_ReadMem(4 bytes @ 0xE0001000)
T6950 000:247.524   CPU_ReadMem(4 bytes @ 0xE000EE08)
T6950 000:248.327 - 74.734ms 
T6950 000:248.349 JLINK_Halt()
T6950 000:248.354 - 0.004ms returns 0x00
T6950 000:248.398 JLINK_Erase()
T6950 000:248.978   CPU_ReadMem(4 bytes @ 0xE000ED90)
T6950 000:249.800   CPU_ReadMem(4 bytes @ 0xE000ED94)
T6950 000:250.612    -- --------------------------------------
T6950 000:250.625    -- Start of determining flash info (Bank @ 0x60000000)
T6950 000:250.634    -- Loader provides SEGGER_OPEN_GetFlashInfo(). Determining dynamic flash info (sectorization etc.) now
T6950 000:250.643    -- Preparing RAMCode
T6950 000:250.649    -- Calculating RAM usage
T6950 000:250.656    -- RAM usage = 12096 Bytes
T6950 000:250.661    -- Preserving CPU registers
T6950 000:251.486    -- Preparing memory
T6950 000:251.495    -- Preparing target
T6950 000:251.501    -- Preserving target RAM temporarily used for programming
T6950 000:396.088    -- Downloading RAMCode
T6950 000:594.561    -- Initializing RAMCode (InitType: 3 = Verify)
T6950 000:594.610   CPU_ReadMem(1 bytes @ 0x40080D03)
T6950 000:596.121   CPU_WriteMem(1 bytes @ 0x40080D03)
T6950 000:596.159   CPU_WriteMem(1 bytes @ 0x40080D03)
T6950 000:596.177   CPU_ReadMem(4 bytes @ 0x400808D4)
T6950 000:598.065   CPU_WriteMem(4 bytes @ 0x400808D4)
T6950 000:598.098   CPU_ReadMem(4 bytes @ 0x400808D8)
T6950 000:599.579   CPU_WriteMem(4 bytes @ 0x400808D8)
T6950 000:599.612   CPU_ReadMem(4 bytes @ 0x400808DC)
T6950 000:601.115   CPU_WriteMem(4 bytes @ 0x400808DC)
T6950 000:601.149   CPU_ReadMem(4 bytes @ 0x400808E0)
T6950 000:602.668   CPU_WriteMem(4 bytes @ 0x400808E0)
T6950 000:602.710   CPU_ReadMem(4 bytes @ 0x400808E4)
T6950 000:604.779   CPU_WriteMem(4 bytes @ 0x400808E4)
T6950 000:604.831   CPU_ReadMem(4 bytes @ 0x400808E8)
T6950 000:606.542   CPU_WriteMem(4 bytes @ 0x400808E8)
T6950 000:606.590   CPU_WriteMem(1 bytes @ 0x40080D03)
T6950 000:606.606   CPU_WriteMem(1 bytes @ 0x40080D03)
T6950 000:606.623    -- Executing SEGGER_FL_Prepare(3)
T6950 000:627.950    -- Executing SEGGER_FL_Restore()
T6950 000:637.262   CPU_ReadMem(1 bytes @ 0x40080D03)
T6950 000:638.269   CPU_WriteMem(1 bytes @ 0x40080D03)
T6950 000:638.315   CPU_WriteMem(1 bytes @ 0x40080D03)
T6950 000:638.334   CPU_WriteMem(4 bytes @ 0x400808D4)
T6950 000:638.351   CPU_WriteMem(4 bytes @ 0x400808D8)
T6950 000:638.367   CPU_WriteMem(4 bytes @ 0x400808DC)
T6950 000:638.383   CPU_WriteMem(4 bytes @ 0x400808E0)
T6950 000:638.399   CPU_WriteMem(4 bytes @ 0x400808E4)
T6950 000:638.415   CPU_WriteMem(4 bytes @ 0x400808E8)
T6950 000:638.430   CPU_WriteMem(1 bytes @ 0x40080D03)
T6950 000:638.446   CPU_WriteMem(1 bytes @ 0x40080D03)
T6950 000:643.554    -- Restoring target memory
T6950 000:766.543    -- Restoring CPU registers
T6950 000:767.501    -- SEGGER_OPEN_GetFlashInfo(): Loader detected 1 sector ranges.
T6950 000:767.531    -- SEGGER_OPEN_GetFlashInfo(): Flash size changed from 0x04000000 to 0x02000000 according to new sector ranges.
T6950 000:767.539    -- End of determining flash info
T6950 000:767.565    -- Start of determining dirty areas
T6950 000:767.980    -- End of determining dirty areas
T6950 000:767.990    -- Start of preparing flash programming
T6950 000:767.996    -- Preparing RAMCode
T6950 000:768.002    -- Calculating RAM usage
T6950 000:768.008    -- RAM usage = 12096 Bytes
T6950 000:768.013    -- Preserving CPU registers
T6950 000:768.038    -- Preparing memory
T6950 000:768.045    -- Preparing target
T6950 000:768.052    -- Preserving target RAM temporarily used for programming
T6950 000:912.684    -- Downloading RAMCode
T6950 001:111.661    -- Initializing RAMCode (InitType: 3 = Verify)
T6950 001:111.700   CPU_ReadMem(1 bytes @ 0x40080D03)
T6950 001:113.144   CPU_WriteMem(1 bytes @ 0x40080D03)
T6950 001:113.164   CPU_WriteMem(1 bytes @ 0x40080D03)
T6950 001:113.173   CPU_ReadMem(4 bytes @ 0x400808D4)
T6950 001:115.006   CPU_WriteMem(4 bytes @ 0x400808D4)
T6950 001:115.022   CPU_ReadMem(4 bytes @ 0x400808D8)
T6950 001:116.469   CPU_WriteMem(4 bytes @ 0x400808D8)
T6950 001:116.488   CPU_ReadMem(4 bytes @ 0x400808DC)
T6950 001:117.910   CPU_WriteMem(4 bytes @ 0x400808DC)
T6950 001:117.973   CPU_ReadMem(4 bytes @ 0x400808E0)
T6950 001:119.530   CPU_WriteMem(4 bytes @ 0x400808E0)
T6950 001:119.546   CPU_ReadMem(4 bytes @ 0x400808E4)
T6950 001:121.041   CPU_WriteMem(4 bytes @ 0x400808E4)
T6950 001:121.056   CPU_ReadMem(4 bytes @ 0x400808E8)
T6950 001:122.471   CPU_WriteMem(4 bytes @ 0x400808E8)
T6950 001:122.485   CPU_WriteMem(1 bytes @ 0x40080D03)
T6950 001:122.492   CPU_WriteMem(1 bytes @ 0x40080D03)
T6950 001:122.500    -- Executing SEGGER_FL_Prepare(3)
T6950 001:143.439    -- End of preparing flash programming
T6950 001:149.004    -- CPU speed could not be measured.
T6950 001:149.024    -- Start of erasing sectors
T6950 001:149.032    -- Erasing range 0x60000000 - 0x6001FFFF (  2 Sectors, 128 KB)
T6950 001:725.079    -- Erasing range 0x60020000 - 0x6003FFFF (  2 Sectors, 128 KB)
T6950 002:271.423    -- Erasing range 0x60040000 - 0x6005FFFF (  2 Sectors, 128 KB)
T6950 002:838.810    -- Erasing range 0x60060000 - 0x6007FFFF (  2 Sectors, 128 KB)
T6950 003:392.550    -- Erasing range 0x60080000 - 0x6009FFFF (  2 Sectors, 128 KB)
T6950 003:927.926    -- Erasing range 0x600A0000 - 0x600BFFFF (  2 Sectors, 128 KB)
T6950 004:477.323    -- Erasing range 0x600C0000 - 0x600DFFFF (  2 Sectors, 128 KB)
T6950 005:037.799    -- Erasing range 0x600E0000 - 0x600FFFFF (  2 Sectors, 128 KB)
T6950 005:577.100    -- Erasing range 0x60100000 - 0x6011FFFF (  2 Sectors, 128 KB)
T6950 006:121.153    -- Erasing range 0x60120000 - 0x6013FFFF (  2 Sectors, 128 KB)
T6950 006:679.289    -- Erasing range 0x60140000 - 0x6015FFFF (  2 Sectors, 128 KB)
T6950 007:234.497    -- Erasing range 0x60160000 - 0x6017FFFF (  2 Sectors, 128 KB)
T6950 007:782.048    -- Erasing range 0x60180000 - 0x6019FFFF (  2 Sectors, 128 KB)
T6950 008:321.225    -- Erasing range 0x601A0000 - 0x601BFFFF (  2 Sectors, 128 KB)
T6950 008:883.120    -- Erasing range 0x601C0000 - 0x601DFFFF (  2 Sectors, 128 KB)
T6950 009:443.492    -- Erasing range 0x601E0000 - 0x601FFFFF (  2 Sectors, 128 KB)
T6950 010:003.805    -- Erasing range 0x60200000 - 0x6021FFFF (  2 Sectors, 128 KB)
T6950 010:552.814    -- Erasing range 0x60220000 - 0x6023FFFF (  2 Sectors, 128 KB)
T6950 011:111.869    -- Erasing range 0x60240000 - 0x6025FFFF (  2 Sectors, 128 KB)
T6950 011:667.778    -- Erasing range 0x60260000 - 0x6027FFFF (  2 Sectors, 128 KB)
T6950 012:222.154    -- Erasing range 0x60280000 - 0x6029FFFF (  2 Sectors, 128 KB)
T6950 012:772.812    -- Erasing range 0x602A0000 - 0x602BFFFF (  2 Sectors, 128 KB)
T6950 013:340.910    -- Erasing range 0x602C0000 - 0x602DFFFF (  2 Sectors, 128 KB)
T6950 013:907.259    -- Erasing range 0x602E0000 - 0x602FFFFF (  2 Sectors, 128 KB)
T6950 014:458.173    -- Erasing range 0x60300000 - 0x6031FFFF (  2 Sectors, 128 KB)
T6950 015:003.232    -- Erasing range 0x60320000 - 0x6033FFFF (  2 Sectors, 128 KB)
T6950 015:565.802    -- Erasing range 0x60340000 - 0x6035FFFF (  2 Sectors, 128 KB)
T6950 016:124.346    -- Erasing range 0x60360000 - 0x6037FFFF (  2 Sectors, 128 KB)
T6950 016:678.630    -- Erasing range 0x60380000 - 0x6039FFFF (  2 Sectors, 128 KB)
T6950 017:214.696    -- Erasing range 0x603A0000 - 0x603BFFFF (  2 Sectors, 128 KB)
T6950 017:769.952    -- Erasing range 0x603C0000 - 0x603DFFFF (  2 Sectors, 128 KB)
T6950 018:321.942    -- Erasing range 0x603E0000 - 0x603FFFFF (  2 Sectors, 128 KB)
T6950 018:871.520    -- Erasing range 0x60400000 - 0x6041FFFF (  2 Sectors, 128 KB)
T6950 019:405.274    -- Erasing range 0x60420000 - 0x6043FFFF (  2 Sectors, 128 KB)
T6950 019:955.548    -- Erasing range 0x60440000 - 0x6045FFFF (  2 Sectors, 128 KB)
T6950 020:512.432    -- Erasing range 0x60460000 - 0x6047FFFF (  2 Sectors, 128 KB)
T6950 021:058.906    -- Erasing range 0x60480000 - 0x6049FFFF (  2 Sectors, 128 KB)
T6950 021:604.564    -- Erasing range 0x604A0000 - 0x604BFFFF (  2 Sectors, 128 KB)
T6950 022:159.564    -- Erasing range 0x604C0000 - 0x604DFFFF (  2 Sectors, 128 KB)
T6950 022:718.768    -- Erasing range 0x604E0000 - 0x604FFFFF (  2 Sectors, 128 KB)
T6950 023:272.540    -- Erasing range 0x60500000 - 0x6051FFFF (  2 Sectors, 128 KB)
T6950 023:814.614    -- Erasing range 0x60520000 - 0x6053FFFF (  2 Sectors, 128 KB)
T6950 024:373.724    -- Erasing range 0x60540000 - 0x6055FFFF (  2 Sectors, 128 KB)
T6950 024:930.822    -- Erasing range 0x60560000 - 0x6057FFFF (  2 Sectors, 128 KB)
T6950 025:471.632    -- Erasing range 0x60580000 - 0x6059FFFF (  2 Sectors, 128 KB)
T6950 026:009.420    -- Erasing range 0x605A0000 - 0x605BFFFF (  2 Sectors, 128 KB)
T6950 026:560.300    -- Erasing range 0x605C0000 - 0x605DFFFF (  2 Sectors, 128 KB)
T6950 027:101.462    -- Erasing range 0x605E0000 - 0x605FFFFF (  2 Sectors, 128 KB)
T6950 027:637.172    -- Erasing range 0x60600000 - 0x6061FFFF (  2 Sectors, 128 KB)
T6950 028:173.130    -- Erasing range 0x60620000 - 0x6063FFFF (  2 Sectors, 128 KB)
T6950 028:714.288    -- Erasing range 0x60640000 - 0x6065FFFF (  2 Sectors, 128 KB)
T6950 029:268.244    -- Erasing range 0x60660000 - 0x6067FFFF (  2 Sectors, 128 KB)
T6950 029:811.776    -- Erasing range 0x60680000 - 0x6069FFFF (  2 Sectors, 128 KB)
T6950 030:356.768    -- Erasing range 0x606A0000 - 0x606BFFFF (  2 Sectors, 128 KB)
T6950 030:903.316    -- Erasing range 0x606C0000 - 0x606DFFFF (  2 Sectors, 128 KB)
T6950 031:466.144    -- Erasing range 0x606E0000 - 0x606FFFFF (  2 Sectors, 128 KB)
T6950 032:023.548    -- Erasing range 0x60700000 - 0x6071FFFF (  2 Sectors, 128 KB)
T6950 032:561.612    -- Erasing range 0x60720000 - 0x6073FFFF (  2 Sectors, 128 KB)
T6950 033:119.590    -- Erasing range 0x60740000 - 0x6075FFFF (  2 Sectors, 128 KB)
T6950 033:678.624    -- Erasing range 0x60760000 - 0x6077FFFF (  2 Sectors, 128 KB)
T6950 034:224.440    -- Erasing range 0x60780000 - 0x6079FFFF (  2 Sectors, 128 KB)
T6950 034:776.984    -- Erasing range 0x607A0000 - 0x607BFFFF (  2 Sectors, 128 KB)
T6950 035:332.284    -- Erasing range 0x607C0000 - 0x607DFFFF (  2 Sectors, 128 KB)
T6950 035:902.652    -- Erasing range 0x607E0000 - 0x607FFFFF (  2 Sectors, 128 KB)
T6950 036:443.876    -- Erasing range 0x60800000 - 0x6081FFFF (  2 Sectors, 128 KB)
T6950 036:986.676    -- Erasing range 0x60820000 - 0x6083FFFF (  2 Sectors, 128 KB)
T6950 037:550.128    -- Erasing range 0x60840000 - 0x6085FFFF (  2 Sectors, 128 KB)
T6950 038:095.988    -- Erasing range 0x60860000 - 0x6087FFFF (  2 Sectors, 128 KB)
T6950 038:643.396    -- Erasing range 0x60880000 - 0x6089FFFF (  2 Sectors, 128 KB)
T6950 039:175.960    -- Erasing range 0x608A0000 - 0x608BFFFF (  2 Sectors, 128 KB)
T6950 039:732.940    -- Erasing range 0x608C0000 - 0x608DFFFF (  2 Sectors, 128 KB)
T6950 040:307.320    -- Erasing range 0x608E0000 - 0x608FFFFF (  2 Sectors, 128 KB)
T6950 040:863.464    -- Erasing range 0x60900000 - 0x6091FFFF (  2 Sectors, 128 KB)
T6950 041:414.184    -- Erasing range 0x60920000 - 0x6093FFFF (  2 Sectors, 128 KB)
T6950 041:974.596    -- Erasing range 0x60940000 - 0x6095FFFF (  2 Sectors, 128 KB)
T6950 042:533.964    -- Erasing range 0x60960000 - 0x6097FFFF (  2 Sectors, 128 KB)
T6950 043:079.700    -- Erasing range 0x60980000 - 0x6099FFFF (  2 Sectors, 128 KB)
T6950 043:619.372    -- Erasing range 0x609A0000 - 0x609BFFFF (  2 Sectors, 128 KB)
T6950 044:185.032    -- Erasing range 0x609C0000 - 0x609DFFFF (  2 Sectors, 128 KB)
T6950 044:742.000    -- Erasing range 0x609E0000 - 0x609FFFFF (  2 Sectors, 128 KB)
T6950 045:299.184    -- Erasing range 0x60A00000 - 0x60A1FFFF (  2 Sectors, 128 KB)
T6950 045:828.688    -- Erasing range 0x60A20000 - 0x60A3FFFF (  2 Sectors, 128 KB)
T6950 046:376.128    -- Erasing range 0x60A40000 - 0x60A5FFFF (  2 Sectors, 128 KB)
T6950 046:926.168    -- Erasing range 0x60A60000 - 0x60A7FFFF (  2 Sectors, 128 KB)
T6950 047:470.572    -- Erasing range 0x60A80000 - 0x60A9FFFF (  2 Sectors, 128 KB)
T6950 048:002.088    -- Erasing range 0x60AA0000 - 0x60ABFFFF (  2 Sectors, 128 KB)
T6950 048:551.228    -- Erasing range 0x60AC0000 - 0x60ADFFFF (  2 Sectors, 128 KB)
T6950 049:099.032    -- Erasing range 0x60AE0000 - 0x60AFFFFF (  2 Sectors, 128 KB)
T6950 049:640.604    -- Erasing range 0x60B00000 - 0x60B1FFFF (  2 Sectors, 128 KB)
T6950 050:165.104    -- Erasing range 0x60B20000 - 0x60B3FFFF (  2 Sectors, 128 KB)
T6950 050:713.808    -- Erasing range 0x60B40000 - 0x60B5FFFF (  2 Sectors, 128 KB)
T6950 051:269.824    -- Erasing range 0x60B60000 - 0x60B7FFFF (  2 Sectors, 128 KB)
T6950 051:810.008    -- Erasing range 0x60B80000 - 0x60B9FFFF (  2 Sectors, 128 KB)
T6950 052:336.160    -- Erasing range 0x60BA0000 - 0x60BBFFFF (  2 Sectors, 128 KB)
T6950 052:878.540    -- Erasing range 0x60BC0000 - 0x60BDFFFF (  2 Sectors, 128 KB)
T6950 053:424.124    -- Erasing range 0x60BE0000 - 0x60BFFFFF (  2 Sectors, 128 KB)
T6950 053:968.780    -- Erasing range 0x60C00000 - 0x60C1FFFF (  2 Sectors, 128 KB)
T6950 054:502.828    -- Erasing range 0x60C20000 - 0x60C3FFFF (  2 Sectors, 128 KB)
T6950 055:045.204    -- Erasing range 0x60C40000 - 0x60C5FFFF (  2 Sectors, 128 KB)
T6950 055:574.328    -- Erasing range 0x60C60000 - 0x60C7FFFF (  2 Sectors, 128 KB)
T6950 056:111.208    -- Erasing range 0x60C80000 - 0x60C9FFFF (  2 Sectors, 128 KB)
T6950 056:653.112    -- Erasing range 0x60CA0000 - 0x60CBFFFF (  2 Sectors, 128 KB)
T6950 057:191.352    -- Erasing range 0x60CC0000 - 0x60CDFFFF (  2 Sectors, 128 KB)
T6950 057:740.792    -- Erasing range 0x60CE0000 - 0x60CFFFFF (  2 Sectors, 128 KB)
T6950 058:279.784    -- Erasing range 0x60D00000 - 0x60D1FFFF (  2 Sectors, 128 KB)
T6950 058:814.752    -- Erasing range 0x60D20000 - 0x60D3FFFF (  2 Sectors, 128 KB)
T6950 059:381.068    -- Erasing range 0x60D40000 - 0x60D5FFFF (  2 Sectors, 128 KB)
T6950 059:946.456    -- Erasing range 0x60D60000 - 0x60D7FFFF (  2 Sectors, 128 KB)
T6950 060:504.568    -- Erasing range 0x60D80000 - 0x60D9FFFF (  2 Sectors, 128 KB)
T6950 061:041.792    -- Erasing range 0x60DA0000 - 0x60DBFFFF (  2 Sectors, 128 KB)
T6950 061:603.808    -- Erasing range 0x60DC0000 - 0x60DDFFFF (  2 Sectors, 128 KB)
T6950 062:164.328    -- Erasing range 0x60DE0000 - 0x60DFFFFF (  2 Sectors, 128 KB)
T6950 062:712.640    -- Erasing range 0x60E00000 - 0x60E1FFFF (  2 Sectors, 128 KB)
T6950 063:254.196    -- Erasing range 0x60E20000 - 0x60E3FFFF (  2 Sectors, 128 KB)
T6950 063:822.648    -- Erasing range 0x60E40000 - 0x60E5FFFF (  2 Sectors, 128 KB)
T6950 064:372.416    -- Erasing range 0x60E60000 - 0x60E7FFFF (  2 Sectors, 128 KB)
T6950 064:917.944    -- Erasing range 0x60E80000 - 0x60E9FFFF (  2 Sectors, 128 KB)
T6950 065:449.504    -- Erasing range 0x60EA0000 - 0x60EBFFFF (  2 Sectors, 128 KB)
T6950 066:003.392    -- Erasing range 0x60EC0000 - 0x60EDFFFF (  2 Sectors, 128 KB)
T6950 066:560.168    -- Erasing range 0x60EE0000 - 0x60EFFFFF (  2 Sectors, 128 KB)
T6950 067:113.976    -- Erasing range 0x60F00000 - 0x60F1FFFF (  2 Sectors, 128 KB)
T6950 067:643.816    -- Erasing range 0x60F20000 - 0x60F3FFFF (  2 Sectors, 128 KB)
T6950 068:204.512    -- Erasing range 0x60F40000 - 0x60F5FFFF (  2 Sectors, 128 KB)
T6950 068:767.656    -- Erasing range 0x60F60000 - 0x60F7FFFF (  2 Sectors, 128 KB)
T6950 069:308.272    -- Erasing range 0x60F80000 - 0x60F9FFFF (  2 Sectors, 128 KB)
T6950 069:847.704    -- Erasing range 0x60FA0000 - 0x60FBFFFF (  2 Sectors, 128 KB)
T6950 070:404.528    -- Erasing range 0x60FC0000 - 0x60FDFFFF (  2 Sectors, 128 KB)
T6950 070:973.888    -- Erasing range 0x60FE0000 - 0x60FFFFFF (  2 Sectors, 128 KB)
T6950 071:513.256    -- Erasing range 0x61000000 - 0x6101FFFF (  2 Sectors, 128 KB)
T6950 072:062.800    -- Erasing range 0x61020000 - 0x6103FFFF (  2 Sectors, 128 KB)
T6950 072:613.008    -- Erasing range 0x61040000 - 0x6105FFFF (  2 Sectors, 128 KB)
T6950 073:168.688    -- Erasing range 0x61060000 - 0x6107FFFF (  2 Sectors, 128 KB)
T6950 073:725.584    -- Erasing range 0x61080000 - 0x6109FFFF (  2 Sectors, 128 KB)
T6950 074:268.376    -- Erasing range 0x610A0000 - 0x610BFFFF (  2 Sectors, 128 KB)
T6950 074:822.928    -- Erasing range 0x610C0000 - 0x610DFFFF (  2 Sectors, 128 KB)
T6950 075:374.960    -- Erasing range 0x610E0000 - 0x610FFFFF (  2 Sectors, 128 KB)
T6950 075:921.872    -- Erasing range 0x61100000 - 0x6111FFFF (  2 Sectors, 128 KB)
T6950 076:458.152    -- Erasing range 0x61120000 - 0x6113FFFF (  2 Sectors, 128 KB)
T6950 077:005.872    -- Erasing range 0x61140000 - 0x6115FFFF (  2 Sectors, 128 KB)
T6950 077:553.120    -- Erasing range 0x61160000 - 0x6117FFFF (  2 Sectors, 128 KB)
T6950 078:083.248    -- Erasing range 0x61180000 - 0x6119FFFF (  2 Sectors, 128 KB)
T6950 078:626.584    -- Erasing range 0x611A0000 - 0x611BFFFF (  2 Sectors, 128 KB)
T6950 079:159.480    -- Erasing range 0x611C0000 - 0x611DFFFF (  2 Sectors, 128 KB)
T6950 079:709.152    -- Erasing range 0x611E0000 - 0x611FFFFF (  2 Sectors, 128 KB)
T6950 080:257.736    -- Erasing range 0x61200000 - 0x6121FFFF (  2 Sectors, 128 KB)
T6950 080:788.640    -- Erasing range 0x61220000 - 0x6123FFFF (  2 Sectors, 128 KB)
T6950 081:339.464    -- Erasing range 0x61240000 - 0x6125FFFF (  2 Sectors, 128 KB)
T6950 081:891.824    -- Erasing range 0x61260000 - 0x6127FFFF (  2 Sectors, 128 KB)
T6950 082:431.352    -- Erasing range 0x61280000 - 0x6129FFFF (  2 Sectors, 128 KB)
T6950 082:980.072    -- Erasing range 0x612A0000 - 0x612BFFFF (  2 Sectors, 128 KB)
T6950 083:520.944    -- Erasing range 0x612C0000 - 0x612DFFFF (  2 Sectors, 128 KB)
T6950 084:062.128    -- Erasing range 0x612E0000 - 0x612FFFFF (  2 Sectors, 128 KB)
T6950 084:594.128    -- Erasing range 0x61300000 - 0x6131FFFF (  2 Sectors, 128 KB)
T6950 085:114.936    -- Erasing range 0x61320000 - 0x6133FFFF (  2 Sectors, 128 KB)
T6950 085:656.624    -- Erasing range 0x61340000 - 0x6135FFFF (  2 Sectors, 128 KB)
T6950 086:201.896    -- Erasing range 0x61360000 - 0x6137FFFF (  2 Sectors, 128 KB)
T6950 086:737.952    -- Erasing range 0x61380000 - 0x6139FFFF (  2 Sectors, 128 KB)
T6950 087:298.448    -- Erasing range 0x613A0000 - 0x613BFFFF (  2 Sectors, 128 KB)
T6950 087:867.456    -- Erasing range 0x613C0000 - 0x613DFFFF (  2 Sectors, 128 KB)
T6950 088:438.464    -- Erasing range 0x613E0000 - 0x613FFFFF (  2 Sectors, 128 KB)
T6950 088:990.456    -- Erasing range 0x61400000 - 0x6141FFFF (  2 Sectors, 128 KB)
T6950 089:544.528    -- Erasing range 0x61420000 - 0x6143FFFF (  2 Sectors, 128 KB)
T6950 090:112.472    -- Erasing range 0x61440000 - 0x6145FFFF (  2 Sectors, 128 KB)
T6950 090:679.744    -- Erasing range 0x61460000 - 0x6147FFFF (  2 Sectors, 128 KB)
T6950 091:240.472    -- Erasing range 0x61480000 - 0x6149FFFF (  2 Sectors, 128 KB)
T6950 091:786.728    -- Erasing range 0x614A0000 - 0x614BFFFF (  2 Sectors, 128 KB)
T6950 092:358.704    -- Erasing range 0x614C0000 - 0x614DFFFF (  2 Sectors, 128 KB)
T6950 092:918.456    -- Erasing range 0x614E0000 - 0x614FFFFF (  2 Sectors, 128 KB)
T6950 093:473.728    -- Erasing range 0x61500000 - 0x6151FFFF (  2 Sectors, 128 KB)
T6950 094:021.952    -- Erasing range 0x61520000 - 0x6153FFFF (  2 Sectors, 128 KB)
T6950 094:578.104    -- Erasing range 0x61540000 - 0x6155FFFF (  2 Sectors, 128 KB)
T6950 095:145.672    -- Erasing range 0x61560000 - 0x6157FFFF (  2 Sectors, 128 KB)
T6950 095:697.912    -- Erasing range 0x61580000 - 0x6159FFFF (  2 Sectors, 128 KB)
T6950 096:248.920    -- Erasing range 0x615A0000 - 0x615BFFFF (  2 Sectors, 128 KB)
T6950 096:805.592    -- Erasing range 0x615C0000 - 0x615DFFFF (  2 Sectors, 128 KB)
T6950 097:371.360    -- Erasing range 0x615E0000 - 0x615FFFFF (  2 Sectors, 128 KB)
T6950 097:931.808    -- Erasing range 0x61600000 - 0x6161FFFF (  2 Sectors, 128 KB)
T6950 098:480.528    -- Erasing range 0x61620000 - 0x6163FFFF (  2 Sectors, 128 KB)
T6950 099:041.808    -- Erasing range 0x61640000 - 0x6165FFFF (  2 Sectors, 128 KB)
T6950 099:601.680    -- Erasing range 0x61660000 - 0x6167FFFF (  2 Sectors, 128 KB)
T6950 100:153.296    -- Erasing range 0x61680000 - 0x6169FFFF (  2 Sectors, 128 KB)
T6950 100:713.944    -- Erasing range 0x616A0000 - 0x616BFFFF (  2 Sectors, 128 KB)
T6950 101:280.952    -- Erasing range 0x616C0000 - 0x616DFFFF (  2 Sectors, 128 KB)
T6950 101:848.640    -- Erasing range 0x616E0000 - 0x616FFFFF (  2 Sectors, 128 KB)
T6950 102:398.432    -- Erasing range 0x61700000 - 0x6171FFFF (  2 Sectors, 128 KB)
T6950 102:926.568    -- Erasing range 0x61720000 - 0x6173FFFF (  2 Sectors, 128 KB)
T6950 103:493.480    -- Erasing range 0x61740000 - 0x6175FFFF (  2 Sectors, 128 KB)
T6950 104:061.120    -- Erasing range 0x61760000 - 0x6177FFFF (  2 Sectors, 128 KB)
T6950 104:622.000    -- Erasing range 0x61780000 - 0x6179FFFF (  2 Sectors, 128 KB)
T6950 105:158.360    -- Erasing range 0x617A0000 - 0x617BFFFF (  2 Sectors, 128 KB)
T6950 105:714.096    -- Erasing range 0x617C0000 - 0x617DFFFF (  2 Sectors, 128 KB)
T6950 106:260.144    -- Erasing range 0x617E0000 - 0x617FFFFF (  2 Sectors, 128 KB)
T6950 106:801.504    -- Erasing range 0x61800000 - 0x6181FFFF (  2 Sectors, 128 KB)
T6950 107:337.736    -- Erasing range 0x61820000 - 0x6183FFFF (  2 Sectors, 128 KB)
T6950 107:889.408    -- Erasing range 0x61840000 - 0x6185FFFF (  2 Sectors, 128 KB)
T6950 108:441.424    -- Erasing range 0x61860000 - 0x6187FFFF (  2 Sectors, 128 KB)
T6950 108:979.184    -- Erasing range 0x61880000 - 0x6189FFFF (  2 Sectors, 128 KB)
T6950 109:516.688    -- Erasing range 0x618A0000 - 0x618BFFFF (  2 Sectors, 128 KB)
T6950 110:061.104    -- Erasing range 0x618C0000 - 0x618DFFFF (  2 Sectors, 128 KB)
T6950 110:618.928    -- Erasing range 0x618E0000 - 0x618FFFFF (  2 Sectors, 128 KB)
T6950 111:166.232    -- Erasing range 0x61900000 - 0x6191FFFF (  2 Sectors, 128 KB)
T6950 111:710.032    -- Erasing range 0x61920000 - 0x6193FFFF (  2 Sectors, 128 KB)
T6950 112:262.632    -- Erasing range 0x61940000 - 0x6195FFFF (  2 Sectors, 128 KB)
T6950 112:812.696    -- Erasing range 0x61960000 - 0x6197FFFF (  2 Sectors, 128 KB)
T6950 113:346.456    -- Erasing range 0x61980000 - 0x6199FFFF (  2 Sectors, 128 KB)
T6950 113:887.464    -- Erasing range 0x619A0000 - 0x619BFFFF (  2 Sectors, 128 KB)
T6950 114:425.152    -- Erasing range 0x619C0000 - 0x619DFFFF (  2 Sectors, 128 KB)
T6950 114:972.008    -- Erasing range 0x619E0000 - 0x619FFFFF (  2 Sectors, 128 KB)
T6950 115:504.320    -- Erasing range 0x61A00000 - 0x61A1FFFF (  2 Sectors, 128 KB)
T6950 116:054.000    -- Erasing range 0x61A20000 - 0x61A3FFFF (  2 Sectors, 128 KB)
T6950 116:614.576    -- Erasing range 0x61A40000 - 0x61A5FFFF (  2 Sectors, 128 KB)
T6950 117:191.056    -- Erasing range 0x61A60000 - 0x61A7FFFF (  2 Sectors, 128 KB)
T6950 117:760.688    -- Erasing range 0x61A80000 - 0x61A9FFFF (  2 Sectors, 128 KB)
T6950 118:311.344    -- Erasing range 0x61AA0000 - 0x61ABFFFF (  2 Sectors, 128 KB)
T6950 118:872.600    -- Erasing range 0x61AC0000 - 0x61ADFFFF (  2 Sectors, 128 KB)
T6950 119:434.560    -- Erasing range 0x61AE0000 - 0x61AFFFFF (  2 Sectors, 128 KB)
T6950 120:004.520    -- Erasing range 0x61B00000 - 0x61B1FFFF (  2 Sectors, 128 KB)
T6950 120:542.320    -- Erasing range 0x61B20000 - 0x61B3FFFF (  2 Sectors, 128 KB)
T6950 121:114.904    -- Erasing range 0x61B40000 - 0x61B5FFFF (  2 Sectors, 128 KB)
T6950 121:681.904    -- Erasing range 0x61B60000 - 0x61B7FFFF (  2 Sectors, 128 KB)
T6950 122:245.696    -- Erasing range 0x61B80000 - 0x61B9FFFF (  2 Sectors, 128 KB)
T6950 122:799.128    -- Erasing range 0x61BA0000 - 0x61BBFFFF (  2 Sectors, 128 KB)
T6950 123:373.160    -- Erasing range 0x61BC0000 - 0x61BDFFFF (  2 Sectors, 128 KB)
T6950 123:940.656    -- Erasing range 0x61BE0000 - 0x61BFFFFF (  2 Sectors, 128 KB)
T6950 124:503.040    -- Erasing range 0x61C00000 - 0x61C1FFFF (  2 Sectors, 128 KB)
T6950 125:056.232    -- Erasing range 0x61C20000 - 0x61C3FFFF (  2 Sectors, 128 KB)
T6950 125:609.488    -- Erasing range 0x61C40000 - 0x61C5FFFF (  2 Sectors, 128 KB)
T6950 126:163.160    -- Erasing range 0x61C60000 - 0x61C7FFFF (  2 Sectors, 128 KB)
T6950 126:713.216    -- Erasing range 0x61C80000 - 0x61C9FFFF (  2 Sectors, 128 KB)
T6950 127:265.560    -- Erasing range 0x61CA0000 - 0x61CBFFFF (  2 Sectors, 128 KB)
T6950 127:828.328    -- Erasing range 0x61CC0000 - 0x61CDFFFF (  2 Sectors, 128 KB)
T6950 128:398.424    -- Erasing range 0x61CE0000 - 0x61CFFFFF (  2 Sectors, 128 KB)
T6950 128:965.720    -- Erasing range 0x61D00000 - 0x61D1FFFF (  2 Sectors, 128 KB)
T6950 129:526.928    -- Erasing range 0x61D20000 - 0x61D3FFFF (  2 Sectors, 128 KB)
T6950 130:092.720    -- Erasing range 0x61D40000 - 0x61D5FFFF (  2 Sectors, 128 KB)
T6950 130:657.640    -- Erasing range 0x61D60000 - 0x61D7FFFF (  2 Sectors, 128 KB)
T6950 131:210.840    -- Erasing range 0x61D80000 - 0x61D9FFFF (  2 Sectors, 128 KB)
T6950 131:754.224    -- Erasing range 0x61DA0000 - 0x61DBFFFF (  2 Sectors, 128 KB)
T6950 132:315.440    -- Erasing range 0x61DC0000 - 0x61DDFFFF (  2 Sectors, 128 KB)
T6950 132:883.664    -- Erasing range 0x61DE0000 - 0x61DFFFFF (  2 Sectors, 128 KB)
T6950 133:430.360    -- Erasing range 0x61E00000 - 0x61E1FFFF (  2 Sectors, 128 KB)
T6950 133:969.584    -- Erasing range 0x61E20000 - 0x61E3FFFF (  2 Sectors, 128 KB)
T6950 134:535.088    -- Erasing range 0x61E40000 - 0x61E5FFFF (  2 Sectors, 128 KB)
T6950 135:087.376    -- Erasing range 0x61E60000 - 0x61E7FFFF (  2 Sectors, 128 KB)
T6950 135:632.608    -- Erasing range 0x61E80000 - 0x61E9FFFF (  2 Sectors, 128 KB)
T6950 136:169.056    -- Erasing range 0x61EA0000 - 0x61EBFFFF (  2 Sectors, 128 KB)
T6950 136:732.256    -- Erasing range 0x61EC0000 - 0x61EDFFFF (  2 Sectors, 128 KB)
T6950 137:290.704    -- Erasing range 0x61EE0000 - 0x61EFFFFF (  2 Sectors, 128 KB)
T6950 137:827.392    -- Erasing range 0x61F00000 - 0x61F1FFFF (  2 Sectors, 128 KB)
T6950 138:371.536    -- Erasing range 0x61F20000 - 0x61F3FFFF (  2 Sectors, 128 KB)
T6950 138:918.624    -- Erasing range 0x61F40000 - 0x61F5FFFF (  2 Sectors, 128 KB)
T6950 139:461.584    -- Erasing range 0x61F60000 - 0x61F7FFFF (  2 Sectors, 128 KB)
T6950 140:008.160    -- Erasing range 0x61F80000 - 0x61F9FFFF (  2 Sectors, 128 KB)
T6950 140:531.504    -- Erasing range 0x61FA0000 - 0x61FBFFFF (  2 Sectors, 128 KB)
T6950 141:047.936    -- Erasing range 0x61FC0000 - 0x61FDFFFF (  2 Sectors, 128 KB)
T6950 141:572.464    -- Erasing range 0x61FE0000 - 0x61FFFFFF (  2 Sectors, 128 KB)
T6950 142:091.584    -- End of erasing sectors
T6950 142:091.616    -- Start of restoring
T6950 142:091.616    -- Executing SEGGER_FL_Restore()
T6950 142:101.008   CPU_ReadMem(1 bytes @ 0x40080D03)
T6950 142:101.904   CPU_WriteMem(1 bytes @ 0x40080D03)
T6950 142:101.920   CPU_WriteMem(1 bytes @ 0x40080D03)
T6950 142:101.936   CPU_WriteMem(4 bytes @ 0x400808D4)
T6950 142:101.952   CPU_WriteMem(4 bytes @ 0x400808D8)
T6950 142:101.968   CPU_WriteMem(4 bytes @ 0x400808DC)
T6950 142:101.968   CPU_WriteMem(4 bytes @ 0x400808E0)
T6950 142:101.984   CPU_WriteMem(4 bytes @ 0x400808E4)
T6950 142:101.984   CPU_WriteMem(4 bytes @ 0x400808E8)
T6950 142:102.000   CPU_WriteMem(1 bytes @ 0x40080D03)
T6950 142:102.016   CPU_WriteMem(1 bytes @ 0x40080D03)
T6950 142:106.832    -- Restoring target memory
T6950 142:229.872    -- Restoring CPU registers
T6950 142:231.296    -- End of restoring
T6950 142:231.904    -- Total time needed: 141.463s (Prepare: 0.381s, Compare: 0.000s, Erase: 140.942s, Program: 0.000s, Verify: 0.000s, Restore: 0.139s)
T6950 142:438.080    -- 
Flash sectors within Range [0x60000000 - 0x61FFFFFF] deleted.
T6950 142:438.736 - 142190.336ms returns 0
T6950 142:440.864 JLINK_IsOpen()
T6950 142:440.864 - 0.011ms returns 0x01
T6950 142:457.072 JLINK_Close()
T6950 142:457.776   CPU_ReadMem(4 bytes @ 0xE0001000)
T6950 142:510.688 - 53.607ms
T6950 142:510.768   
T6950 142:510.784   Closed
