T870C 000:056.853   SEGGER J-Link V8.12 Log File
T870C 000:056.943   DLL Compiled: Dec 18 2024 15:27:57
T870C 000:056.948   Logging started @ 2025-03-31 21:34
T870C 000:056.952   Process: C:\Program Files\SEGGER\JLink_V812\JLink.exe
T870C 000:056.958 - 56.956ms 
T870C 000:057.010 JLINK_ExecCommand("DEVICE_SelectLoader BankAddr=0x60000000 Loader=CLK@P305_nCS@P306_D0@P307_D1@P308_D2@P309_D3@P310", ...). 
T870C 000:057.056   Flash bank @ 0x60000000: Stored loader selection. Loader = CLK@P305_nCS@P306_D0@P307_D1@P308_D2@P309_D3@P310
T870C 000:057.066 - 0.047ms returns 0x00
T870C 000:057.137 JLINK_TIF_GetAvailable(...)
T870C 000:059.925 - 2.789ms 
T870C 000:060.033 JLINK_DEVICE_GetIndex(sDeviceName = R7FA6M4AF)
T870C 000:071.342 - 11.306ms returns 7166
T870C 000:071.362 JLINK_ExecCommand("device=R7FA6M4AF", ...). 
T870C 000:072.086   Flash bank @ 0x0100A100: SFL: Parsing sectorization info from ELF file
T870C 000:072.096     FlashDevice.SectorInfo[0]: .SectorSize = 0x00000010, .SectorStartAddr = 0x00000000
T870C 000:072.102   FlashBank @0x0100A100: Sectorization info from SFL ELF file ignored because sectorization override from DLL / XML file is active.
T870C 000:072.399   Flash bank @ 0x60000000: SFL: Parsing sectorization info from ELF file
T870C 000:072.407     FlashDevice.SectorInfo[0]: .SectorSize = 0x00010000, .SectorStartAddr = 0x00000000
T870C 000:074.753   Device "R7FA6M4AF" selected.
T870C 000:075.872 - 4.503ms returns 0x00
T870C 000:075.890 JLINK_EnableLog(...)
T870C 000:075.894 - 0.004ms 
T870C 000:076.007 JLINK_GetEmuCaps()
T870C 000:076.017 - 0.009ms returns 0xB8EA5A33
T870C 000:076.022 JLINK_TIF_GetAvailable(...)
T870C 000:076.713 - 0.690ms 
T870C 000:076.747 JLINK_TIF_Select(JLINKARM_TIF_SWD)
T870C 000:079.210 - 2.464ms returns 0x00
T870C 000:079.355 JLINK_IsConnected()
T870C 000:079.367 - 0.015ms returns FALSE
T870C 000:079.375 JLINK_SetSpeed(4000)
T870C 000:079.877 - 0.503ms 
T870C 000:079.910 JLINK_Connect()
T870C 000:080.555   ConfigTargetSettings() start
T870C 000:080.567    J-Link Script File: Executing ConfigTargetSettings()
T870C 000:080.707   Configuring FlashDLNoRMWThreshold=0x200 in order to make sure that option bytes programming is done via read-modify-write
T870C 000:080.797   ConfigTargetSettings() end - Took 154us
T870C 000:080.872   InitTarget() start
T870C 000:080.880    J-Link Script File: Executing InitTarget()
T870C 000:080.951   SWD selected. Executing JTAG -> SWD switching sequence.
T870C 000:085.668   DAP initialized successfully.
T870C 000:085.746   Determining TrustZone configuration...
T870C 000:088.907     Secure Debug: Enabled (SSD)
T870C 000:088.995   Determining currently configured transfer type by reading the AHB-AP CSW register.
T870C 000:091.545     --> Correct transfer type configured. Done.
T870C 000:091.626   InitTarget() end - Took 10.6ms
T870C 000:093.355   Found SW-DP with ID 0x6BA02477
T870C 000:099.116   DPIDR: 0x6BA02477
T870C 000:099.210   CoreSight SoC-400 or earlier
T870C 000:099.305   Scanning AP map to find all available APs
T870C 000:102.096   AP[2]: Stopped AP scan as end of AP map has been reached
T870C 000:102.176   AP[0]: AHB-AP (IDR: 0x84770001, ADDR: 0x00000000)
T870C 000:102.252   AP[1]: APB-AP (IDR: 0x54770002, ADDR: 0x01000000)
T870C 000:102.335   Iterating through AP map to find AHB-AP to use
T870C 000:104.864   AP[0]: Core found
T870C 000:104.942   AP[0]: AHB-AP ROM base: 0xE00FE000
T870C 000:106.227   CPUID register: 0x410FD214. Implementer code: 0x41 (ARM)
T870C 000:106.302   Feature set: Mainline
T870C 000:107.526   Cache: No cache
T870C 000:107.619   Found Cortex-M33 r0p4, Little endian.
T870C 000:108.874   -- Max. mem block: 0x000015B8
T870C 000:111.517   CPU_ReadMem(4 bytes @ 0xE000EDF0)
T870C 000:112.716   CPU_ReadMem(4 bytes @ 0xE0002000)
T870C 000:113.590   FPUnit: 8 code (BP) slots and 0 literal slots
T870C 000:113.600   CPU_ReadMem(4 bytes @ 0xE000EDFC)
T870C 000:114.482   CPU_ReadMem(4 bytes @ 0xE0001000)
T870C 000:115.342   CPU_ReadMem(4 bytes @ 0xE0001000)
T870C 000:116.361   CPU_ReadMem(4 bytes @ 0xE0001028)
T870C 000:117.367   CPU_ReadMem(4 bytes @ 0xE0001038)
T870C 000:118.389   CPU_ReadMem(4 bytes @ 0xE0001048)
T870C 000:119.296   CPU_ReadMem(4 bytes @ 0xE0001058)
T870C 000:120.228   CPU_WriteMem(4 bytes @ 0xE0001000)
T870C 000:121.278   CPU_ReadMem(4 bytes @ 0xE000ED88)
T870C 000:122.293   CPU_WriteMem(4 bytes @ 0xE000ED88)
T870C 000:123.309   CPU_ReadMem(4 bytes @ 0xE000ED88)
T870C 000:124.182   CPU_WriteMem(4 bytes @ 0xE000ED88)
T870C 000:125.178   CPU_ReadMem(4 bytes @ 0xE000EFB8)
T870C 000:126.289   Security extension: implemented
T870C 000:126.366   Secure debug: enabled
T870C 000:126.449   CoreSight components:
T870C 000:126.584   ROMTbl[0] @ E00FE000
T870C 000:126.603   CPU_ReadMem(64 bytes @ 0xE00FE000)
T870C 000:128.390   CPU_ReadMem(32 bytes @ 0xE0044FE0)
T870C 000:129.704   CPU_ReadMem(4 bytes @ 0xE0044FBC)
T870C 000:130.636   CPU_ReadMem(4 bytes @ 0xE0044FCC)
T870C 000:131.576   [0][0]: E0044000 CID B105900D PID 005BB906 DEVARCH 00000000 DEVTYPE 14 CTI (?)
T870C 000:131.586   CPU_ReadMem(32 bytes @ 0xE0047FE0)
T870C 000:132.962   CPU_ReadMem(4 bytes @ 0xE0047FBC)
T870C 000:133.967   CPU_ReadMem(4 bytes @ 0xE0047FCC)
T870C 000:135.068   [0][1]: E0047000 CID B105900D PID 003BB908 DEVARCH 00000000 DEVTYPE 12 CSTF
T870C 000:135.077   CPU_ReadMem(32 bytes @ 0xE0048FE0)
T870C 000:136.359   CPU_ReadMem(4 bytes @ 0xE0048FBC)
T870C 000:137.305   CPU_ReadMem(4 bytes @ 0xE0048FCC)
T870C 000:138.335   [0][2]: E0048000 CID B105900D PID 001BB961 DEVARCH 00000000 DEVTYPE 21 TMC
T870C 000:138.344   CPU_ReadMem(32 bytes @ 0xE0049FE0)
T870C 000:139.824   [0][3]: E0049000 CID B105F00D PID 001BB101 TSG
T870C 000:139.833   CPU_ReadMem(32 bytes @ 0xE0040FE0)
T870C 000:141.155   CPU_ReadMem(4 bytes @ 0xE0040FBC)
T870C 000:142.134   CPU_ReadMem(4 bytes @ 0xE0040FCC)
T870C 000:143.325   [0][4]: E0040000 CID B105900D PID 000BBD21 DEVARCH 00000000 DEVTYPE 11 TPIU
T870C 000:143.336   CPU_ReadMem(32 bytes @ 0xE00FFFE0)
T870C 000:144.774   [0][5]: E00FF000 CID B105100D PID 000BB4C9 ROM Table
T870C 000:144.887   ROMTbl[1] @ E00FF000
T870C 000:144.896   CPU_ReadMem(64 bytes @ 0xE00FF000)
T870C 000:146.587   CPU_ReadMem(32 bytes @ 0xE000EFE0)
T870C 000:147.891   CPU_ReadMem(4 bytes @ 0xE000EFBC)
T870C 000:148.831   CPU_ReadMem(4 bytes @ 0xE000EFCC)
T870C 000:149.933   [1][0]: E000E000 CID B105900D PID 000BBD21 DEVARCH 47702A04 DEVTYPE 00 Cortex-M33
T870C 000:149.942   CPU_ReadMem(32 bytes @ 0xE0001FE0)
T870C 000:151.214   CPU_ReadMem(4 bytes @ 0xE0001FBC)
T870C 000:152.103   CPU_ReadMem(4 bytes @ 0xE0001FCC)
T870C 000:153.063   [1][1]: E0001000 CID B105900D PID 000BBD21 DEVARCH 47701A02 DEVTYPE 00 DWT
T870C 000:153.073   CPU_ReadMem(32 bytes @ 0xE0002FE0)
T870C 000:154.295   CPU_ReadMem(4 bytes @ 0xE0002FBC)
T870C 000:155.235   CPU_ReadMem(4 bytes @ 0xE0002FCC)
T870C 000:156.199   [1][2]: E0002000 CID B105900D PID 000BBD21 DEVARCH 47701A03 DEVTYPE 00 FPB
T870C 000:156.208   CPU_ReadMem(32 bytes @ 0xE0000FE0)
T870C 000:157.556   CPU_ReadMem(4 bytes @ 0xE0000FBC)
T870C 000:158.508   CPU_ReadMem(4 bytes @ 0xE0000FCC)
T870C 000:159.442   [1][3]: E0000000 CID B105900D PID 000BBD21 DEVARCH 47701A01 DEVTYPE 43 ITM
T870C 000:159.452   CPU_ReadMem(32 bytes @ 0xE0041FE0)
T870C 000:160.809   CPU_ReadMem(4 bytes @ 0xE0041FBC)
T870C 000:161.793   CPU_ReadMem(4 bytes @ 0xE0041FCC)
T870C 000:162.728   [1][5]: E0041000 CID B105900D PID 002BBD21 DEVARCH 47724A13 DEVTYPE 13 ETM
T870C 000:162.738   CPU_ReadMem(32 bytes @ 0xE0042FE0)
T870C 000:164.031   CPU_ReadMem(4 bytes @ 0xE0042FBC)
T870C 000:164.924   CPU_ReadMem(4 bytes @ 0xE0042FCC)
T870C 000:166.031   [1][6]: E0042000 CID B105900D PID 000BBD21 DEVARCH 47701A14 DEVTYPE 14 CSS600-CTI
T870C 000:166.074 - 86.167ms returns 0x00
T870C 000:166.101 JLINK_GetIdData(pIdData)
T870C 000:166.883   pIdData->ScanLen=4
T870C 000:166.892   pIdData->NumDevices=1
T870C 000:166.897   pIdData->aId[0]=0x6BA02477
T870C 000:166.903   pIdData->aIrRead[0]=0
T870C 000:166.908   pIdData->aScanLen[0]=0
T870C 000:166.913   pIdData->aScanRead[0]=0
T870C 000:166.963 - 0.861ms 
T870C 000:166.981 JLINK_GetMemZones(...)
T870C 000:166.986 - 0.005ms returns 1
T870C 000:167.067 JLINK_HasError()
T870C 000:167.075 JLINK_CORE_GetFound()
T870C 000:167.079 - 0.003ms returns 0xE0200FF
T870C 000:167.473 JLINK_ReadMemEx_64(0x60800000, 0x40000 Bytes, ...)
T870C 000:167.492   CPU_ReadMem(262144 bytes @ 0x60800000)
T870C 003:329.157   Data:  3D B8 F3 96 00 00 00 00 00 02 00 00 98 C0 00 00 ...
T870C 003:329.218 - 3161.743ms returns 262144 (0x40000)
T870C 003:333.453 JLINK_IsOpen()
T870C 003:333.491 - 0.037ms returns 0x01
T870C 003:362.454 JLINK_Close()
T870C 003:374.632 - 12.176ms
T870C 003:374.687   
T870C 003:374.700   Closed
